{"meta": {"format": 3, "version": "7.11.0", "timestamp": "2025-10-25T03:44:54.853678", "branch_coverage": false, "show_contexts": false}, "files": {"space/__init__.py": {"executed_lines": [1], "summary": {"covered_lines": 1, "num_statements": 1, "percent_covered": 100.0, "percent_covered_display": "100", "missing_lines": 0, "excluded_lines": 0}, "missing_lines": [], "excluded_lines": [], "functions": {"": {"executed_lines": [1], "summary": {"covered_lines": 1, "num_statements": 1, "percent_covered": 100.0, "percent_covered_display": "100", "missing_lines": 0, "excluded_lines": 0}, "missing_lines": [], "excluded_lines": []}}, "classes": {"": {"executed_lines": [1], "summary": {"covered_lines": 1, "num_statements": 1, "percent_covered": 100.0, "percent_covered_display": "100", "missing_lines": 0, "excluded_lines": 0}, "missing_lines": [], "excluded_lines": []}}}, "space/apps/context/app.py": {"executed_lines": [1, 3, 5, 6, 8, 10, 12, 15, 16, 28, 29, 32, 33, 34, 36, 37, 38, 67, 87], "summary": {"covered_lines": 18, "num_statements": 47, "percent_covered": 38.297872340425535, "percent_covered_display": "38", "missing_lines": 29, "excluded_lines": 0}, "missing_lines": [30, 40, 41, 42, 43, 45, 46, 56, 58, 59, 61, 63, 64, 69, 70, 71, 72, 73, 75, 76, 77, 78, 79, 80, 81, 82, 83, 84, 89], "excluded_lines": [], "functions": {"main_command": {"executed_lines": [28, 29, 32, 33, 34, 36, 37, 38], "summary": {"covered_lines": 8, "num_statements": 21, "percent_covered": 38.095238095238095, "percent_covered_display": "38", "missing_lines": 13, "excluded_lines": 0}, "missing_lines": [30, 40, 41, 42, 43, 45, 46, 56, 58, 59, 61, 63, 64], "excluded_lines": []}, "_search_canon": {"executed_lines": [], "summary": {"covered_lines": 0, "num_statements": 15, "percent_covered": 0.0, "percent_covered_display": "0", "missing_lines": 15, "excluded_lines": 0}, "missing_lines": [69, 70, 71, 72, 73, 75, 76, 77, 78, 79, 80, 81, 82, 83, 84], "excluded_lines": []}, "main": {"executed_lines": [], "summary": {"covered_lines": 0, "num_statements": 1, "percent_covered": 0.0, "percent_covered_display": "0", "missing_lines": 1, "excluded_lines": 0}, "missing_lines": [89], "excluded_lines": []}, "": {"executed_lines": [1, 3, 5, 6, 8, 10, 12, 15, 16, 67, 87], "summary": {"covered_lines": 10, "num_statements": 10, "percent_covered": 100.0, "percent_covered_display": "100", "missing_lines": 0, "excluded_lines": 0}, "missing_lines": [], "excluded_lines": []}}, "classes": {"": {"executed_lines": [1, 3, 5, 6, 8, 10, 12, 15, 16, 28, 29, 32, 33, 34, 36, 37, 38, 67, 87], "summary": {"covered_lines": 18, "num_statements": 47, "percent_covered": 38.297872340425535, "percent_covered_display": "38", "missing_lines": 29, "excluded_lines": 0}, "missing_lines": [30, 40, 41, 42, 43, 45, 46, 56, 58, 59, 61, 63, 64, 69, 70, 71, 72, 73, 75, 76, 77, 78, 79, 80, 81, 82, 83, 84, 89], "excluded_lines": []}}}, "space/apps/context/db.py": {"executed_lines": [1, 2, 4, 6, 8, 11, 13, 14, 15, 17, 20, 22, 23, 24, 27, 28, 29, 30, 31, 32, 33, 34, 37, 38, 39, 40, 42, 52, 53, 54, 57, 58, 59, 61, 62, 63, 64, 67, 68, 70, 72, 82, 83, 84, 85, 86, 87, 89, 90, 91, 92, 94, 96, 106, 107, 108, 109, 110, 111, 113, 114, 129, 130, 131, 132, 133, 134, 136, 137, 159, 160, 163, 164, 166, 167, 168, 169, 172, 173, 174, 179, 180, 181, 182, 183, 184, 185, 194, 195, 196, 197, 200, 201, 202, 207], "summary": {"covered_lines": 95, "num_statements": 115, "percent_covered": 82.6086956521739, "percent_covered_display": "83", "missing_lines": 20, "excluded_lines": 0}, "missing_lines": [16, 65, 69, 93, 115, 116, 117, 118, 120, 138, 139, 140, 141, 143, 144, 145, 146, 147, 148, 149], "excluded_lines": [], "functions": {"_get_max_search_len": {"executed_lines": [13, 14, 15, 17], "summary": {"covered_lines": 4, "num_statements": 5, "percent_covered": 80.0, "percent_covered_display": "80", "missing_lines": 1, "excluded_lines": 0}, "missing_lines": [16], "excluded_lines": []}, "_validate_search_term": {"executed_lines": [22, 23, 24], "summary": {"covered_lines": 3, "num_statements": 3, "percent_covered": 100.0, "percent_covered_display": "100", "missing_lines": 0, "excluded_lines": 0}, "missing_lines": [], "excluded_lines": []}, "_query_with_identity": {"executed_lines": [28, 29, 30, 31, 32, 33, 34], "summary": {"covered_lines": 7, "num_statements": 7, "percent_covered": 100.0, "percent_covered_display": "100", "missing_lines": 0, "excluded_lines": 0}, "missing_lines": [], "excluded_lines": []}, "collect_timeline": {"executed_lines": [38, 39, 40, 42, 52, 53, 54, 57, 58, 59, 61, 62, 63, 64, 67, 68, 70, 72, 82, 83, 84, 85, 86, 87, 89, 90, 91, 92, 94, 96, 106, 107, 108, 109, 110, 111, 113, 114, 129, 130, 131, 132, 133, 134, 136, 137, 159, 160], "summary": {"covered_lines": 48, "num_statements": 67, "percent_covered": 71.64179104477611, "percent_covered_display": "72", "missing_lines": 19, "excluded_lines": 0}, "missing_lines": [65, 69, 93, 115, 116, 117, 118, 120, 138, 139, 140, 141, 143, 144, 145, 146, 147, 148, 149], "excluded_lines": []}, "collect_current_state": {"executed_lines": [164, 166, 167, 168, 169, 172, 173, 174, 179, 180, 181, 182, 183, 184, 185, 194, 195, 196, 197, 200, 201, 202, 207], "summary": {"covered_lines": 23, "num_statements": 23, "percent_covered": 100.0, "percent_covered_display": "100", "missing_lines": 0, "excluded_lines": 0}, "missing_lines": [], "excluded_lines": []}, "": {"executed_lines": [1, 2, 4, 6, 8, 11, 20, 27, 37, 163], "summary": {"covered_lines": 10, "num_statements": 10, "percent_covered": 100.0, "percent_covered_display": "100", "missing_lines": 0, "excluded_lines": 0}, "missing_lines": [], "excluded_lines": []}}, "classes": {"": {"executed_lines": [1, 2, 4, 6, 8, 11, 13, 14, 15, 17, 20, 22, 23, 24, 27, 28, 29, 30, 31, 32, 33, 34, 37, 38, 39, 40, 42, 52, 53, 54, 57, 58, 59, 61, 62, 63, 64, 67, 68, 70, 72, 82, 83, 84, 85, 86, 87, 89, 90, 91, 92, 94, 96, 106, 107, 108, 109, 110, 111, 113, 114, 129, 130, 131, 132, 133, 134, 136, 137, 159, 160, 163, 164, 166, 167, 168, 169, 172, 173, 174, 179, 180, 181, 182, 183, 184, 185, 194, 195, 196, 197, 200, 201, 202, 207], "summary": {"covered_lines": 95, "num_statements": 115, "percent_covered": 82.6086956521739, "percent_covered_display": "83", "missing_lines": 20, "excluded_lines": 0}, "missing_lines": [16, 65, 69, 93, 115, 116, 117, 118, 120, 138, 139, 140, 141, 143, 144, 145, 146, 147, 148, 149], "excluded_lines": []}}}, "space/apps/council/__init__.py": {"executed_lines": [1, 3, 5], "summary": {"covered_lines": 2, "num_statements": 2, "percent_covered": 100.0, "percent_covered_display": "100", "missing_lines": 0, "excluded_lines": 0}, "missing_lines": [], "excluded_lines": [], "functions": {"": {"executed_lines": [1, 3, 5], "summary": {"covered_lines": 2, "num_statements": 2, "percent_covered": 100.0, "percent_covered_display": "100", "missing_lines": 0, "excluded_lines": 0}, "missing_lines": [], "excluded_lines": []}}, "classes": {"": {"executed_lines": [1, 3, 5], "summary": {"covered_lines": 2, "num_statements": 2, "percent_covered": 100.0, "percent_covered_display": "100", "missing_lines": 0, "excluded_lines": 0}, "missing_lines": [], "excluded_lines": []}}}, "space/apps/council/app.py": {"executed_lines": [1, 3, 4, 6, 7, 8, 9, 11, 13, 15, 16, 19, 20, 21, 22, 23, 24, 25, 26, 27, 28, 30, 49, 58, 76, 87, 95, 97, 99, 115, 117, 118, 121], "summary": {"covered_lines": 32, "num_statements": 89, "percent_covered": 35.95505617977528, "percent_covered_display": "36", "missing_lines": 57, "excluded_lines": 0}, "missing_lines": [32, 33, 34, 35, 36, 37, 38, 39, 40, 41, 43, 44, 45, 46, 47, 51, 52, 53, 54, 55, 56, 60, 61, 62, 63, 64, 65, 66, 67, 68, 69, 70, 71, 72, 73, 74, 78, 79, 81, 82, 84, 85, 89, 90, 91, 92, 93, 101, 102, 103, 105, 106, 108, 109, 110, 112, 123], "excluded_lines": [], "functions": {"Council.__init__": {"executed_lines": [21, 22, 23, 24, 25, 26, 27, 28], "summary": {"covered_lines": 8, "num_statements": 8, "percent_covered": 100.0, "percent_covered_display": "100", "missing_lines": 0, "excluded_lines": 0}, "missing_lines": [], "excluded_lines": []}, "Council.stream_messages": {"executed_lines": [], "summary": {"covered_lines": 0, "num_statements": 15, "percent_covered": 0.0, "percent_covered_display": "0", "missing_lines": 15, "excluded_lines": 0}, "missing_lines": [32, 33, 34, 35, 36, 37, 38, 39, 40, 41, 43, 44, 45, 46, 47], "excluded_lines": []}, "Council._find_new_messages_start": {"executed_lines": [], "summary": {"covered_lines": 0, "num_statements": 6, "percent_covered": 0.0, "percent_covered_display": "0", "missing_lines": 6, "excluded_lines": 0}, "missing_lines": [51, 52, 53, 54, 55, 56], "excluded_lines": []}, "Council.read_input": {"executed_lines": [], "summary": {"covered_lines": 0, "num_statements": 15, "percent_covered": 0.0, "percent_covered_display": "0", "missing_lines": 15, "excluded_lines": 0}, "missing_lines": [60, 61, 62, 63, 64, 65, 66, 67, 68, 69, 70, 71, 72, 73, 74], "excluded_lines": []}, "Council._print_message": {"executed_lines": [], "summary": {"covered_lines": 0, "num_statements": 6, "percent_covered": 0.0, "percent_covered_display": "0", "missing_lines": 6, "excluded_lines": 0}, "missing_lines": [78, 79, 81, 82, 84, 85], "excluded_lines": []}, "Council._should_add_separator": {"executed_lines": [], "summary": {"covered_lines": 0, "num_statements": 5, "percent_covered": 0.0, "percent_covered_display": "0", "missing_lines": 5, "excluded_lines": 0}, "missing_lines": [89, 90, 91, 92, 93], "excluded_lines": []}, "Council._print_error": {"executed_lines": [97], "summary": {"covered_lines": 1, "num_statements": 1, "percent_covered": 100.0, "percent_covered_display": "100", "missing_lines": 0, "excluded_lines": 0}, "missing_lines": [], "excluded_lines": []}, "Council.run": {"executed_lines": [], "summary": {"covered_lines": 0, "num_statements": 9, "percent_covered": 0.0, "percent_covered_display": "0", "missing_lines": 9, "excluded_lines": 0}, "missing_lines": [101, 102, 103, 105, 106, 108, 109, 110, 112], "excluded_lines": []}, "council": {"executed_lines": [117, 118], "summary": {"covered_lines": 2, "num_statements": 2, "percent_covered": 100.0, "percent_covered_display": "100", "missing_lines": 0, "excluded_lines": 0}, "missing_lines": [], "excluded_lines": []}, "main": {"executed_lines": [], "summary": {"covered_lines": 0, "num_statements": 1, "percent_covered": 0.0, "percent_covered_display": "0", "missing_lines": 1, "excluded_lines": 0}, "missing_lines": [123], "excluded_lines": []}, "": {"executed_lines": [1, 3, 4, 6, 7, 8, 9, 11, 13, 15, 16, 19, 20, 30, 49, 58, 76, 87, 95, 99, 115, 121], "summary": {"covered_lines": 21, "num_statements": 21, "percent_covered": 100.0, "percent_covered_display": "100", "missing_lines": 0, "excluded_lines": 0}, "missing_lines": [], "excluded_lines": []}}, "classes": {"Council": {"executed_lines": [21, 22, 23, 24, 25, 26, 27, 28, 97], "summary": {"covered_lines": 9, "num_statements": 65, "percent_covered": 13.846153846153847, "percent_covered_display": "14", "missing_lines": 56, "excluded_lines": 0}, "missing_lines": [32, 33, 34, 35, 36, 37, 38, 39, 40, 41, 43, 44, 45, 46, 47, 51, 52, 53, 54, 55, 56, 60, 61, 62, 63, 64, 65, 66, 67, 68, 69, 70, 71, 72, 73, 74, 78, 79, 81, 82, 84, 85, 89, 90, 91, 92, 93, 101, 102, 103, 105, 106, 108, 109, 110, 112], "excluded_lines": []}, "": {"executed_lines": [1, 3, 4, 6, 7, 8, 9, 11, 13, 15, 16, 19, 20, 30, 49, 58, 76, 87, 95, 99, 115, 117, 118, 121], "summary": {"covered_lines": 23, "num_statements": 24, "percent_covered": 95.83333333333333, "percent_covered_display": "96", "missing_lines": 1, "excluded_lines": 0}, "missing_lines": [123], "excluded_lines": []}}}, "space/apps/council/formatter.py": {"executed_lines": [1, 3, 5, 8, 9, 10, 11, 12, 13, 14, 17, 19, 22, 45, 63, 65, 66], "summary": {"covered_lines": 16, "num_statements": 32, "percent_covered": 50.0, "percent_covered_display": "50", "missing_lines": 16, "excluded_lines": 0}, "missing_lines": [32, 33, 35, 36, 37, 38, 39, 40, 41, 42, 55, 56, 57, 58, 59, 60], "excluded_lines": [], "functions": {"_styled": {"executed_lines": [19], "summary": {"covered_lines": 1, "num_statements": 1, "percent_covered": 100.0, "percent_covered_display": "100", "missing_lines": 0, "excluded_lines": 0}, "missing_lines": [], "excluded_lines": []}, "format_message": {"executed_lines": [], "summary": {"covered_lines": 0, "num_statements": 10, "percent_covered": 0.0, "percent_covered_display": "0", "missing_lines": 10, "excluded_lines": 0}, "missing_lines": [32, 33, 35, 36, 37, 38, 39, 40, 41, 42], "excluded_lines": []}, "format_header": {"executed_lines": [], "summary": {"covered_lines": 0, "num_statements": 6, "percent_covered": 0.0, "percent_covered_display": "0", "missing_lines": 6, "excluded_lines": 0}, "missing_lines": [55, 56, 57, 58, 59, 60], "excluded_lines": []}, "format_error": {"executed_lines": [65, 66], "summary": {"covered_lines": 2, "num_statements": 2, "percent_covered": 100.0, "percent_covered_display": "100", "missing_lines": 0, "excluded_lines": 0}, "missing_lines": [], "excluded_lines": []}, "": {"executed_lines": [1, 3, 5, 8, 9, 10, 11, 12, 13, 14, 17, 22, 45, 63], "summary": {"covered_lines": 13, "num_statements": 13, "percent_covered": 100.0, "percent_covered_display": "100", "missing_lines": 0, "excluded_lines": 0}, "missing_lines": [], "excluded_lines": []}}, "classes": {"Colors": {"executed_lines": [], "summary": {"covered_lines": 0, "num_statements": 0, "percent_covered": 100.0, "percent_covered_display": "100", "missing_lines": 0, "excluded_lines": 0}, "missing_lines": [], "excluded_lines": []}, "": {"executed_lines": [1, 3, 5, 8, 9, 10, 11, 12, 13, 14, 17, 19, 22, 45, 63, 65, 66], "summary": {"covered_lines": 16, "num_statements": 32, "percent_covered": 50.0, "percent_covered_display": "50", "missing_lines": 16, "excluded_lines": 0}, "missing_lines": [32, 33, 35, 36, 37, 38, 39, 40, 41, 42, 55, 56, 57, 58, 59, 60], "excluded_lines": []}}}, "space/apps/stats/__init__.py": {"executed_lines": [1, 10, 21], "summary": {"covered_lines": 3, "num_statements": 3, "percent_covered": 100.0, "percent_covered_display": "100", "missing_lines": 0, "excluded_lines": 0}, "missing_lines": [], "excluded_lines": [], "functions": {"": {"executed_lines": [1, 10, 21], "summary": {"covered_lines": 3, "num_statements": 3, "percent_covered": 100.0, "percent_covered_display": "100", "missing_lines": 0, "excluded_lines": 0}, "missing_lines": [], "excluded_lines": []}}, "classes": {"": {"executed_lines": [1, 10, 21], "summary": {"covered_lines": 3, "num_statements": 3, "percent_covered": 100.0, "percent_covered_display": "100", "missing_lines": 0, "excluded_lines": 0}, "missing_lines": [], "excluded_lines": []}}}, "space/apps/stats/app.py": {"executed_lines": [1, 3, 5, 8, 10, 12, 24, 25, 27, 32, 33, 37, 43, 49, 62, 65, 66, 67, 68, 71, 72, 76, 78, 82, 84, 85, 86, 87, 89, 90, 105, 108, 109, 113, 115, 119, 121, 122, 123, 124, 126, 127, 142, 145, 146, 150, 152, 156, 158, 159, 160, 161, 162, 163, 165, 166, 183], "summary": {"covered_lines": 57, "num_statements": 107, "percent_covered": 53.271028037383175, "percent_covered_display": "53", "missing_lines": 50, "excluded_lines": 0}, "missing_lines": [28, 38, 39, 44, 45, 50, 51, 53, 57, 58, 59, 60, 79, 80, 92, 93, 95, 96, 97, 98, 100, 101, 102, 103, 116, 117, 129, 130, 132, 133, 134, 135, 137, 138, 139, 140, 153, 154, 168, 169, 170, 172, 173, 174, 175, 176, 178, 179, 180, 181], "excluded_lines": [], "functions": {"overview": {"executed_lines": [10, 12, 24, 25, 27, 32, 33, 37, 43, 49, 62], "summary": {"covered_lines": 11, "num_statements": 23, "percent_covered": 47.82608695652174, "percent_covered_display": "48", "missing_lines": 12, "excluded_lines": 0}, "missing_lines": [28, 38, 39, 44, 45, 50, 51, 53, 57, 58, 59, 60], "excluded_lines": []}, "main_command": {"executed_lines": [67, 68], "summary": {"covered_lines": 2, "num_statements": 2, "percent_covered": 100.0, "percent_covered_display": "100", "missing_lines": 0, "excluded_lines": 0}, "missing_lines": [], "excluded_lines": []}, "memory": {"executed_lines": [76, 78, 82, 84, 85, 86, 87, 89, 90, 105], "summary": {"covered_lines": 10, "num_statements": 22, "percent_covered": 45.45454545454545, "percent_covered_display": "45", "missing_lines": 12, "excluded_lines": 0}, "missing_lines": [79, 80, 92, 93, 95, 96, 97, 98, 100, 101, 102, 103], "excluded_lines": []}, "knowledge": {"executed_lines": [113, 115, 119, 121, 122, 123, 124, 126, 127, 142], "summary": {"covered_lines": 10, "num_statements": 22, "percent_covered": 45.45454545454545, "percent_covered_display": "45", "missing_lines": 12, "excluded_lines": 0}, "missing_lines": [116, 117, 129, 130, 132, 133, 134, 135, 137, 138, 139, 140], "excluded_lines": []}, "bridge": {"executed_lines": [150, 152, 156, 158, 159, 160, 161, 162, 163, 165, 166, 183], "summary": {"covered_lines": 12, "num_statements": 26, "percent_covered": 46.15384615384615, "percent_covered_display": "46", "missing_lines": 14, "excluded_lines": 0}, "missing_lines": [153, 154, 168, 169, 170, 172, 173, 174, 175, 176, 178, 179, 180, 181], "excluded_lines": []}, "": {"executed_lines": [1, 3, 5, 8, 65, 66, 71, 72, 108, 109, 145, 146], "summary": {"covered_lines": 12, "num_statements": 12, "percent_covered": 100.0, "percent_covered_display": "100", "missing_lines": 0, "excluded_lines": 0}, "missing_lines": [], "excluded_lines": []}}, "classes": {"": {"executed_lines": [1, 3, 5, 8, 10, 12, 24, 25, 27, 32, 33, 37, 43, 49, 62, 65, 66, 67, 68, 71, 72, 76, 78, 82, 84, 85, 86, 87, 89, 90, 105, 108, 109, 113, 115, 119, 121, 122, 123, 124, 126, 127, 142, 145, 146, 150, 152, 156, 158, 159, 160, 161, 162, 163, 165, 166, 183], "summary": {"covered_lines": 57, "num_statements": 107, "percent_covered": 53.271028037383175, "percent_covered_display": "53", "missing_lines": 50, "excluded_lines": 0}, "missing_lines": [28, 38, 39, 44, 45, 50, 51, 53, 57, 58, 59, 60, 79, 80, 92, 93, 95, 96, 97, 98, 100, 101, 102, 103, 116, 117, 129, 130, 132, 133, 134, 135, 137, 138, 139, 140, 153, 154, 168, 169, 170, 172, 173, 174, 175, 176, 178, 179, 180, 181], "excluded_lines": []}}}, "space/apps/stats/lib.py": {"executed_lines": [1, 3, 4, 5, 7, 8, 9, 10, 11, 12, 14, 25, 27, 28, 39, 40, 41, 44, 45, 46, 47, 48, 51, 52, 53, 54, 60, 62, 64, 66, 67, 68, 69, 72, 76, 83, 84, 85, 86, 87, 88, 89, 90, 91, 92, 95, 99, 102, 109, 112, 113, 114, 116, 117, 118, 119, 120, 121, 126, 127, 129, 131, 133, 134, 135, 137, 138, 140, 141, 142, 152, 153, 154, 155, 156, 159, 160, 161, 166, 169, 170, 171, 174, 181, 182, 185, 188, 191, 195, 208, 209, 210, 213, 221, 231, 232, 233, 236, 244, 254, 255, 256, 257, 258, 265, 269, 270, 272, 273, 275, 289, 328, 329, 330, 331, 332, 334, 335, 336, 337, 338, 339, 340, 342, 343, 346, 347, 349, 355, 373, 374, 377, 378, 379, 382, 383, 384, 385, 387, 393, 394, 395, 398, 399, 401, 404, 405], "summary": {"covered_lines": 147, "num_statements": 177, "percent_covered": 83.05084745762711, "percent_covered_display": "83", "missing_lines": 30, "excluded_lines": 0}, "missing_lines": [55, 56, 57, 73, 74, 96, 97, 110, 122, 123, 124, 157, 158, 172, 211, 234, 261, 262, 263, 333, 341, 350, 351, 352, 353, 380, 388, 389, 390, 396], "excluded_lines": [], "functions": {"_validate_identifier": {"executed_lines": [40, 41], "summary": {"covered_lines": 2, "num_statements": 2, "percent_covered": 100.0, "percent_covered_display": "100", "missing_lines": 0, "excluded_lines": 0}, "missing_lines": [], "excluded_lines": []}, "_get_columns_safe": {"executed_lines": [45, 46, 47, 48], "summary": {"covered_lines": 4, "num_statements": 4, "percent_covered": 100.0, "percent_covered_display": "100", "missing_lines": 0, "excluded_lines": 0}, "missing_lines": [], "excluded_lines": []}, "_get_agent_names_map": {"executed_lines": [52, 53, 54], "summary": {"covered_lines": 3, "num_statements": 6, "percent_covered": 50.0, "percent_covered_display": "50", "missing_lines": 3, "excluded_lines": 0}, "missing_lines": [55, 56, 57], "excluded_lines": []}, "_discover_all_agent_ids": {"executed_lines": [62, 64, 66, 67, 68, 69, 72, 76, 83, 84, 85, 86, 87, 88, 89, 90, 91, 92, 95, 99], "summary": {"covered_lines": 20, "num_statements": 24, "percent_covered": 83.33333333333333, "percent_covered_display": "83", "missing_lines": 4, "excluded_lines": 0}, "missing_lines": [73, 74, 96, 97], "excluded_lines": []}, "_get_common_db_stats": {"executed_lines": [109, 112, 113, 114, 116, 117, 118, 119, 120, 121, 126, 127, 129, 131, 133, 134, 135, 137, 138, 140, 141, 142, 152, 153, 154, 155, 156, 159, 160, 161, 166], "summary": {"covered_lines": 31, "num_statements": 37, "percent_covered": 83.78378378378379, "percent_covered_display": "84", "missing_lines": 6, "excluded_lines": 0}, "missing_lines": [110, 122, 123, 124, 157, 158], "excluded_lines": []}, "bridge_stats": {"executed_lines": [170, 171, 174, 181, 182, 185, 188, 191, 195], "summary": {"covered_lines": 9, "num_statements": 10, "percent_covered": 90.0, "percent_covered_display": "90", "missing_lines": 1, "excluded_lines": 0}, "missing_lines": [172], "excluded_lines": []}, "memory_stats": {"executed_lines": [209, 210, 213, 221], "summary": {"covered_lines": 4, "num_statements": 5, "percent_covered": 80.0, "percent_covered_display": "80", "missing_lines": 1, "excluded_lines": 0}, "missing_lines": [211], "excluded_lines": []}, "knowledge_stats": {"executed_lines": [232, 233, 236, 244], "summary": {"covered_lines": 4, "num_statements": 5, "percent_covered": 80.0, "percent_covered_display": "80", "missing_lines": 1, "excluded_lines": 0}, "missing_lines": [234], "excluded_lines": []}, "agent_stats": {"executed_lines": [255, 256, 257, 258, 265, 269, 270, 272, 273, 275, 289, 328, 329, 330, 331, 332, 334, 335, 336, 337, 338, 339, 340, 342, 343, 346, 347, 349, 355, 373, 374], "summary": {"covered_lines": 31, "num_statements": 40, "percent_covered": 77.5, "percent_covered_display": "78", "missing_lines": 9, "excluded_lines": 0}, "missing_lines": [261, 262, 263, 333, 341, 350, 351, 352, 353], "excluded_lines": []}, "spawn_stats": {"executed_lines": [378, 379, 382, 383, 384, 385, 387], "summary": {"covered_lines": 7, "num_statements": 11, "percent_covered": 63.63636363636363, "percent_covered_display": "64", "missing_lines": 4, "excluded_lines": 0}, "missing_lines": [380, 388, 389, 390], "excluded_lines": []}, "events_stats": {"executed_lines": [394, 395, 398, 399, 401], "summary": {"covered_lines": 5, "num_statements": 6, "percent_covered": 83.33333333333333, "percent_covered_display": "83", "missing_lines": 1, "excluded_lines": 0}, "missing_lines": [396], "excluded_lines": []}, "collect": {"executed_lines": [405], "summary": {"covered_lines": 1, "num_statements": 1, "percent_covered": 100.0, "percent_covered_display": "100", "missing_lines": 0, "excluded_lines": 0}, "missing_lines": [], "excluded_lines": []}, "": {"executed_lines": [1, 3, 4, 5, 7, 8, 9, 10, 11, 12, 14, 25, 27, 28, 39, 44, 51, 60, 102, 169, 208, 231, 254, 377, 393, 404], "summary": {"covered_lines": 26, "num_statements": 26, "percent_covered": 100.0, "percent_covered_display": "100", "missing_lines": 0, "excluded_lines": 0}, "missing_lines": [], "excluded_lines": []}}, "classes": {"": {"executed_lines": [1, 3, 4, 5, 7, 8, 9, 10, 11, 12, 14, 25, 27, 28, 39, 40, 41, 44, 45, 46, 47, 48, 51, 52, 53, 54, 60, 62, 64, 66, 67, 68, 69, 72, 76, 83, 84, 85, 86, 87, 88, 89, 90, 91, 92, 95, 99, 102, 109, 112, 113, 114, 116, 117, 118, 119, 120, 121, 126, 127, 129, 131, 133, 134, 135, 137, 138, 140, 141, 142, 152, 153, 154, 155, 156, 159, 160, 161, 166, 169, 170, 171, 174, 181, 182, 185, 188, 191, 195, 208, 209, 210, 213, 221, 231, 232, 233, 236, 244, 254, 255, 256, 257, 258, 265, 269, 270, 272, 273, 275, 289, 328, 329, 330, 331, 332, 334, 335, 336, 337, 338, 339, 340, 342, 343, 346, 347, 349, 355, 373, 374, 377, 378, 379, 382, 383, 384, 385, 387, 393, 394, 395, 398, 399, 401, 404, 405], "summary": {"covered_lines": 147, "num_statements": 177, "percent_covered": 83.05084745762711, "percent_covered_display": "83", "missing_lines": 30, "excluded_lines": 0}, "missing_lines": [55, 56, 57, 73, 74, 96, 97, 110, 122, 123, 124, 157, 158, 172, 211, 234, 261, 262, 263, 333, 341, 350, 351, 352, 353, 380, 388, 389, 390, 396], "excluded_lines": []}}}, "space/apps/stats/models.py": {"executed_lines": [1, 3, 6, 7, 8, 9, 12, 13, 14, 15, 16, 17, 18, 19, 20, 21, 22, 23, 26, 27, 28, 29, 30, 31, 32, 33, 34, 35, 36, 39, 40, 41, 42, 43, 44, 45, 46, 49, 50, 51, 52, 53, 54, 55, 56, 59, 60, 61, 62, 63, 64, 67, 68, 69, 70, 73, 74, 75, 76, 77, 78, 79, 80], "summary": {"covered_lines": 63, "num_statements": 63, "percent_covered": 100.0, "percent_covered_display": "100", "missing_lines": 0, "excluded_lines": 0}, "missing_lines": [], "excluded_lines": [], "functions": {"": {"executed_lines": [1, 3, 6, 7, 8, 9, 12, 13, 14, 15, 16, 17, 18, 19, 20, 21, 22, 23, 26, 27, 28, 29, 30, 31, 32, 33, 34, 35, 36, 39, 40, 41, 42, 43, 44, 45, 46, 49, 50, 51, 52, 53, 54, 55, 56, 59, 60, 61, 62, 63, 64, 67, 68, 69, 70, 73, 74, 75, 76, 77, 78, 79, 80], "summary": {"covered_lines": 63, "num_statements": 63, "percent_covered": 100.0, "percent_covered_display": "100", "missing_lines": 0, "excluded_lines": 0}, "missing_lines": [], "excluded_lines": []}}, "classes": {"LeaderboardEntry": {"executed_lines": [], "summary": {"covered_lines": 0, "num_statements": 0, "percent_covered": 100.0, "percent_covered_display": "100", "missing_lines": 0, "excluded_lines": 0}, "missing_lines": [], "excluded_lines": []}, "AgentStats": {"executed_lines": [], "summary": {"covered_lines": 0, "num_statements": 0, "percent_covered": 100.0, "percent_covered_display": "100", "missing_lines": 0, "excluded_lines": 0}, "missing_lines": [], "excluded_lines": []}, "BridgeStats": {"executed_lines": [], "summary": {"covered_lines": 0, "num_statements": 0, "percent_covered": 100.0, "percent_covered_display": "100", "missing_lines": 0, "excluded_lines": 0}, "missing_lines": [], "excluded_lines": []}, "MemoryStats": {"executed_lines": [], "summary": {"covered_lines": 0, "num_statements": 0, "percent_covered": 100.0, "percent_covered_display": "100", "missing_lines": 0, "excluded_lines": 0}, "missing_lines": [], "excluded_lines": []}, "KnowledgeStats": {"executed_lines": [], "summary": {"covered_lines": 0, "num_statements": 0, "percent_covered": 100.0, "percent_covered_display": "100", "missing_lines": 0, "excluded_lines": 0}, "missing_lines": [], "excluded_lines": []}, "SpawnStats": {"executed_lines": [], "summary": {"covered_lines": 0, "num_statements": 0, "percent_covered": 100.0, "percent_covered_display": "100", "missing_lines": 0, "excluded_lines": 0}, "missing_lines": [], "excluded_lines": []}, "EventsStats": {"executed_lines": [], "summary": {"covered_lines": 0, "num_statements": 0, "percent_covered": 100.0, "percent_covered_display": "100", "missing_lines": 0, "excluded_lines": 0}, "missing_lines": [], "excluded_lines": []}, "SpaceStats": {"executed_lines": [], "summary": {"covered_lines": 0, "num_statements": 0, "percent_covered": 100.0, "percent_covered_display": "100", "missing_lines": 0, "excluded_lines": 0}, "missing_lines": [], "excluded_lines": []}, "": {"executed_lines": [1, 3, 6, 7, 8, 9, 12, 13, 14, 15, 16, 17, 18, 19, 20, 21, 22, 23, 26, 27, 28, 29, 30, 31, 32, 33, 34, 35, 36, 39, 40, 41, 42, 43, 44, 45, 46, 49, 50, 51, 52, 53, 54, 55, 56, 59, 60, 61, 62, 63, 64, 67, 68, 69, 70, 73, 74, 75, 76, 77, 78, 79, 80], "summary": {"covered_lines": 63, "num_statements": 63, "percent_covered": 100.0, "percent_covered_display": "100", "missing_lines": 0, "excluded_lines": 0}, "missing_lines": [], "excluded_lines": []}}}, "space/cli.py": {"executed_lines": [1, 3, 5, 6, 7, 8, 9, 10, 11, 12, 13, 14, 15, 22, 23, 24, 25, 26, 28, 30, 31, 32, 33, 34, 35, 36, 37, 38, 40, 41, 42, 43, 44, 45, 46, 47, 50, 51, 55, 56, 57, 58, 59, 60, 61, 63, 64, 65, 67, 68, 71], "summary": {"covered_lines": 51, "num_statements": 64, "percent_covered": 79.6875, "percent_covered_display": "80", "missing_lines": 13, "excluded_lines": 0}, "missing_lines": [73, 74, 75, 77, 79, 80, 81, 82, 83, 84, 85, 86, 87], "excluded_lines": [], "functions": {"main_command": {"executed_lines": [55, 56, 57, 58, 59, 60, 61, 63, 64, 65, 67, 68], "summary": {"covered_lines": 12, "num_statements": 12, "percent_covered": 100.0, "percent_covered_display": "100", "missing_lines": 0, "excluded_lines": 0}, "missing_lines": [], "excluded_lines": []}, "main": {"executed_lines": [], "summary": {"covered_lines": 0, "num_statements": 13, "percent_covered": 0.0, "percent_covered_display": "0", "missing_lines": 13, "excluded_lines": 0}, "missing_lines": [73, 74, 75, 77, 79, 80, 81, 82, 83, 84, 85, 86, 87], "excluded_lines": []}, "": {"executed_lines": [1, 3, 5, 6, 7, 8, 9, 10, 11, 12, 13, 14, 15, 22, 23, 24, 25, 26, 28, 30, 31, 32, 33, 34, 35, 36, 37, 38, 40, 41, 42, 43, 44, 45, 46, 47, 50, 51, 71], "summary": {"covered_lines": 39, "num_statements": 39, "percent_covered": 100.0, "percent_covered_display": "100", "missing_lines": 0, "excluded_lines": 0}, "missing_lines": [], "excluded_lines": []}}, "classes": {"": {"executed_lines": [1, 3, 5, 6, 7, 8, 9, 10, 11, 12, 13, 14, 15, 22, 23, 24, 25, 26, 28, 30, 31, 32, 33, 34, 35, 36, 37, 38, 40, 41, 42, 43, 44, 45, 46, 47, 50, 51, 55, 56, 57, 58, 59, 60, 61, 63, 64, 65, 67, 68, 71], "summary": {"covered_lines": 51, "num_statements": 64, "percent_covered": 79.6875, "percent_covered_display": "80", "missing_lines": 13, "excluded_lines": 0}, "missing_lines": [73, 74, 75, 77, 79, 80, 81, 82, 83, 84, 85, 86, 87], "excluded_lines": []}}}, "space/commands/__init__.py": {"executed_lines": [0], "summary": {"covered_lines": 0, "num_statements": 0, "percent_covered": 100.0, "percent_covered_display": "100", "missing_lines": 0, "excluded_lines": 0}, "missing_lines": [], "excluded_lines": [], "functions": {"": {"executed_lines": [], "summary": {"covered_lines": 0, "num_statements": 0, "percent_covered": 100.0, "percent_covered_display": "100", "missing_lines": 0, "excluded_lines": 0}, "missing_lines": [], "excluded_lines": []}}, "classes": {"": {"executed_lines": [], "summary": {"covered_lines": 0, "num_statements": 0, "percent_covered": 100.0, "percent_covered_display": "100", "missing_lines": 0, "excluded_lines": 0}, "missing_lines": [], "excluded_lines": []}}}, "space/commands/backup.py": {"executed_lines": [1, 2, 3, 4, 5, 6, 7, 9, 11, 12, 14, 17, 25, 26, 31, 32, 34, 35, 37, 41, 42, 43, 45, 47, 49, 50, 63, 65, 66, 67, 69, 70, 71, 74, 76, 82, 86, 90, 93], "summary": {"covered_lines": 39, "num_statements": 60, "percent_covered": 65.0, "percent_covered_display": "65", "missing_lines": 21, "excluded_lines": 0}, "missing_lines": [27, 28, 29, 38, 39, 58, 59, 60, 68, 87, 88, 95, 96, 97, 99, 100, 101, 102, 104, 105, 106], "excluded_lines": [], "functions": {"backup": {"executed_lines": [25, 26, 31, 32, 34, 35, 37, 41, 42, 43, 45, 47, 49, 50], "summary": {"covered_lines": 14, "num_statements": 22, "percent_covered": 63.63636363636363, "percent_covered_display": "64", "missing_lines": 8, "excluded_lines": 0}, "missing_lines": [27, 28, 29, 38, 39, 58, 59, 60], "excluded_lines": []}, "_get_backup_stats": {"executed_lines": [65, 66, 67, 69, 70, 71, 74, 76, 82, 86, 90], "summary": {"covered_lines": 11, "num_statements": 14, "percent_covered": 78.57142857142857, "percent_covered_display": "79", "missing_lines": 3, "excluded_lines": 0}, "missing_lines": [68, 87, 88], "excluded_lines": []}, "_show_backup_stats": {"executed_lines": [], "summary": {"covered_lines": 0, "num_statements": 10, "percent_covered": 0.0, "percent_covered_display": "0", "missing_lines": 10, "excluded_lines": 0}, "missing_lines": [95, 96, 97, 99, 100, 101, 102, 104, 105, 106], "excluded_lines": []}, "": {"executed_lines": [1, 2, 3, 4, 5, 6, 7, 9, 11, 12, 14, 17, 63, 93], "summary": {"covered_lines": 14, "num_statements": 14, "percent_covered": 100.0, "percent_covered_display": "100", "missing_lines": 0, "excluded_lines": 0}, "missing_lines": [], "excluded_lines": []}}, "classes": {"": {"executed_lines": [1, 2, 3, 4, 5, 6, 7, 9, 11, 12, 14, 17, 25, 26, 31, 32, 34, 35, 37, 41, 42, 43, 45, 47, 49, 50, 63, 65, 66, 67, 69, 70, 71, 74, 76, 82, 86, 90, 93], "summary": {"covered_lines": 39, "num_statements": 60, "percent_covered": 65.0, "percent_covered_display": "65", "missing_lines": 21, "excluded_lines": 0}, "missing_lines": [27, 28, 29, 38, 39, 58, 59, 60, 68, 87, 88, 95, 96, 97, 99, 100, 101, 102, 104, 105, 106], "excluded_lines": []}}}, "space/commands/events.py": {"executed_lines": [1, 2, 4, 6, 9], "summary": {"covered_lines": 5, "num_statements": 27, "percent_covered": 18.51851851851852, "percent_covered_display": "19", "missing_lines": 22, "excluded_lines": 0}, "missing_lines": [20, 22, 23, 25, 26, 28, 29, 30, 31, 32, 33, 35, 36, 37, 38, 48, 49, 50, 51, 52, 53, 54], "excluded_lines": [], "functions": {"events": {"executed_lines": [], "summary": {"covered_lines": 0, "num_statements": 22, "percent_covered": 0.0, "percent_covered_display": "0", "missing_lines": 22, "excluded_lines": 0}, "missing_lines": [20, 22, 23, 25, 26, 28, 29, 30, 31, 32, 33, 35, 36, 37, 38, 48, 49, 50, 51, 52, 53, 54], "excluded_lines": []}, "": {"executed_lines": [1, 2, 4, 6, 9], "summary": {"covered_lines": 5, "num_statements": 5, "percent_covered": 100.0, "percent_covered_display": "100", "missing_lines": 0, "excluded_lines": 0}, "missing_lines": [], "excluded_lines": []}}, "classes": {"": {"executed_lines": [1, 2, 4, 6, 9], "summary": {"covered_lines": 5, "num_statements": 27, "percent_covered": 18.51851851851852, "percent_covered_display": "19", "missing_lines": 22, "excluded_lines": 0}, "missing_lines": [20, 22, 23, 25, 26, 28, 29, 30, 31, 32, 33, 35, 36, 37, 38, 48, 49, 50, 51, 52, 53, 54], "excluded_lines": []}}}, "space/commands/health.py": {"executed_lines": [1, 3, 5, 6, 8, 10, 19, 28, 69, 123, 124], "summary": {"covered_lines": 11, "num_statements": 81, "percent_covered": 13.580246913580247, "percent_covered_display": "14", "missing_lines": 70, "excluded_lines": 0}, "missing_lines": [30, 31, 38, 39, 40, 41, 42, 43, 45, 46, 47, 49, 50, 51, 53, 54, 55, 60, 61, 62, 63, 64, 66, 71, 72, 74, 75, 76, 78, 85, 86, 87, 88, 90, 91, 93, 97, 98, 99, 100, 101, 102, 103, 106, 107, 108, 111, 112, 113, 114, 115, 117, 118, 119, 120, 126, 128, 129, 130, 131, 133, 134, 136, 137, 138, 140, 141, 142, 143, 145], "excluded_lines": [], "functions": {"_check_orphans": {"executed_lines": [], "summary": {"covered_lines": 0, "num_statements": 23, "percent_covered": 0.0, "percent_covered_display": "0", "missing_lines": 23, "excluded_lines": 0}, "missing_lines": [30, 31, 38, 39, 40, 41, 42, 43, 45, 46, 47, 49, 50, 51, 53, 54, 55, 60, 61, 62, 63, 64, 66], "excluded_lines": []}, "_check_db": {"executed_lines": [], "summary": {"covered_lines": 0, "num_statements": 32, "percent_covered": 0.0, "percent_covered_display": "0", "missing_lines": 32, "excluded_lines": 0}, "missing_lines": [71, 72, 74, 75, 76, 78, 85, 86, 87, 88, 90, 91, 93, 97, 98, 99, 100, 101, 102, 103, 106, 107, 108, 111, 112, 113, 114, 115, 117, 118, 119, 120], "excluded_lines": []}, "health": {"executed_lines": [], "summary": {"covered_lines": 0, "num_statements": 15, "percent_covered": 0.0, "percent_covered_display": "0", "missing_lines": 15, "excluded_lines": 0}, "missing_lines": [126, 128, 129, 130, 131, 133, 134, 136, 137, 138, 140, 141, 142, 143, 145], "excluded_lines": []}, "": {"executed_lines": [1, 3, 5, 6, 8, 10, 19, 28, 69, 123, 124], "summary": {"covered_lines": 11, "num_statements": 11, "percent_covered": 100.0, "percent_covered_display": "100", "missing_lines": 0, "excluded_lines": 0}, "missing_lines": [], "excluded_lines": []}}, "classes": {"": {"executed_lines": [1, 3, 5, 6, 8, 10, 19, 28, 69, 123, 124], "summary": {"covered_lines": 11, "num_statements": 81, "percent_covered": 13.580246913580247, "percent_covered_display": "14", "missing_lines": 70, "excluded_lines": 0}, "missing_lines": [30, 31, 38, 39, 40, 41, 42, 43, 45, 46, 47, 49, 50, 51, 53, 54, 55, 60, 61, 62, 63, 64, 66, 71, 72, 74, 75, 76, 78, 85, 86, 87, 88, 90, 91, 93, 97, 98, 99, 100, 101, 102, 103, 106, 107, 108, 111, 112, 113, 114, 115, 117, 118, 119, 120, 126, 128, 129, 130, 131, 133, 134, 136, 137, 138, 140, 141, 142, 143, 145], "excluded_lines": []}}}, "space/commands/init.py": {"executed_lines": [1, 3, 5, 6, 9], "summary": {"covered_lines": 5, "num_statements": 32, "percent_covered": 15.625, "percent_covered_display": "16", "missing_lines": 27, "excluded_lines": 0}, "missing_lines": [11, 13, 14, 15, 17, 18, 19, 20, 21, 22, 23, 24, 25, 26, 28, 29, 30, 31, 32, 33, 34, 35, 36, 37, 38, 39, 40], "excluded_lines": [], "functions": {"init": {"executed_lines": [], "summary": {"covered_lines": 0, "num_statements": 27, "percent_covered": 0.0, "percent_covered_display": "0", "missing_lines": 27, "excluded_lines": 0}, "missing_lines": [11, 13, 14, 15, 17, 18, 19, 20, 21, 22, 23, 24, 25, 26, 28, 29, 30, 31, 32, 33, 34, 35, 36, 37, 38, 39, 40], "excluded_lines": []}, "": {"executed_lines": [1, 3, 5, 6, 9], "summary": {"covered_lines": 5, "num_statements": 5, "percent_covered": 100.0, "percent_covered_display": "100", "missing_lines": 0, "excluded_lines": 0}, "missing_lines": [], "excluded_lines": []}}, "classes": {"": {"executed_lines": [1, 3, 5, 6, 9], "summary": {"covered_lines": 5, "num_statements": 32, "percent_covered": 15.625, "percent_covered_display": "16", "missing_lines": 27, "excluded_lines": 0}, "missing_lines": [11, 13, 14, 15, 17, 18, 19, 20, 21, 22, 23, 24, 25, 26, 28, 29, 30, 31, 32, 33, 34, 35, 36, 37, 38, 39, 40], "excluded_lines": []}}}, "space/commands/launch.py": {"executed_lines": [1, 3, 5, 8], "summary": {"covered_lines": 3, "num_statements": 9, "percent_covered": 33.333333333333336, "percent_covered_display": "33", "missing_lines": 6, "excluded_lines": 0}, "missing_lines": [10, 12, 13, 14, 16, 17], "excluded_lines": [], "functions": {"launch": {"executed_lines": [], "summary": {"covered_lines": 0, "num_statements": 6, "percent_covered": 0.0, "percent_covered_display": "0", "missing_lines": 6, "excluded_lines": 0}, "missing_lines": [10, 12, 13, 14, 16, 17], "excluded_lines": []}, "": {"executed_lines": [1, 3, 5, 8], "summary": {"covered_lines": 3, "num_statements": 3, "percent_covered": 100.0, "percent_covered_display": "100", "missing_lines": 0, "excluded_lines": 0}, "missing_lines": [], "excluded_lines": []}}, "classes": {"": {"executed_lines": [1, 3, 5, 8], "summary": {"covered_lines": 3, "num_statements": 9, "percent_covered": 33.333333333333336, "percent_covered_display": "33", "missing_lines": 6, "excluded_lines": 0}, "missing_lines": [10, 12, 13, 14, 16, 17], "excluded_lines": []}}}, "space/commands/sleep.py": {"executed_lines": [1, 3, 5, 7, 9, 38, 84], "summary": {"covered_lines": 6, "num_statements": 37, "percent_covered": 16.216216216216218, "percent_covered_display": "16", "missing_lines": 31, "excluded_lines": 0}, "missing_lines": [44, 46, 47, 48, 49, 50, 52, 53, 55, 57, 58, 59, 60, 61, 64, 65, 66, 67, 68, 69, 70, 71, 72, 76, 78, 79, 80, 81, 86, 87, 88], "excluded_lines": [], "functions": {"sleep": {"executed_lines": [], "summary": {"covered_lines": 0, "num_statements": 28, "percent_covered": 0.0, "percent_covered_display": "0", "missing_lines": 28, "excluded_lines": 0}, "missing_lines": [44, 46, 47, 48, 49, 50, 52, 53, 55, 57, 58, 59, 60, 61, 64, 65, 66, 67, 68, 69, 70, 71, 72, 76, 78, 79, 80, 81], "excluded_lines": []}, "main": {"executed_lines": [], "summary": {"covered_lines": 0, "num_statements": 3, "percent_covered": 0.0, "percent_covered_display": "0", "missing_lines": 3, "excluded_lines": 0}, "missing_lines": [86, 87, 88], "excluded_lines": []}, "": {"executed_lines": [1, 3, 5, 7, 9, 38, 84], "summary": {"covered_lines": 6, "num_statements": 6, "percent_covered": 100.0, "percent_covered_display": "100", "missing_lines": 0, "excluded_lines": 0}, "missing_lines": [], "excluded_lines": []}}, "classes": {"": {"executed_lines": [1, 3, 5, 7, 9, 38, 84], "summary": {"covered_lines": 6, "num_statements": 37, "percent_covered": 16.216216216216218, "percent_covered_display": "16", "missing_lines": 31, "excluded_lines": 0}, "missing_lines": [44, 46, 47, 48, 49, 50, 52, 53, 55, 57, 58, 59, 60, 61, 64, 65, 66, 67, 68, 69, 70, 71, 72, 76, 78, 79, 80, 81, 86, 87, 88], "excluded_lines": []}}}, "space/commands/wake.py": {"executed_lines": [1, 6, 8, 10, 13, 14, 15, 17, 18, 20, 21, 22, 24, 30, 37, 39, 43, 46, 47, 49, 52, 54, 56, 58, 59, 61, 62, 68, 71, 73, 74, 78, 83, 84, 86, 87, 89, 91, 93, 94, 96, 99, 101, 102, 104, 111, 112, 113, 114, 115, 116, 118, 119, 120, 121, 123, 124, 125, 126, 127, 128, 133, 135, 137, 138, 142, 143, 144, 145, 147, 148, 151], "summary": {"covered_lines": 71, "num_statements": 81, "percent_covered": 87.65432098765432, "percent_covered_display": "88", "missing_lines": 10, "excluded_lines": 0}, "missing_lines": [40, 75, 130, 131, 134, 139, 140, 153, 154, 155], "excluded_lines": [], "functions": {"_priority_channel": {"executed_lines": [39, 43, 46, 47, 49], "summary": {"covered_lines": 5, "num_statements": 6, "percent_covered": 83.33333333333333, "percent_covered_display": "83", "missing_lines": 1, "excluded_lines": 0}, "missing_lines": [40], "excluded_lines": []}, "_recent_critical": {"executed_lines": [54, 56, 58, 59, 61, 62, 68], "summary": {"covered_lines": 7, "num_statements": 7, "percent_covered": 100.0, "percent_covered_display": "100", "missing_lines": 0, "excluded_lines": 0}, "missing_lines": [], "excluded_lines": []}, "_suggest_action": {"executed_lines": [73, 74], "summary": {"covered_lines": 2, "num_statements": 3, "percent_covered": 66.66666666666667, "percent_covered_display": "67", "missing_lines": 1, "excluded_lines": 0}, "missing_lines": [75], "excluded_lines": []}, "wake": {"executed_lines": [83, 84, 86, 87, 89, 91, 93, 94, 96], "summary": {"covered_lines": 9, "num_statements": 9, "percent_covered": 100.0, "percent_covered_display": "100", "missing_lines": 0, "excluded_lines": 0}, "missing_lines": [], "excluded_lines": []}, "_show_orientation": {"executed_lines": [101, 102, 104, 111, 112, 113, 114, 115, 116, 118, 119, 120, 121, 123, 124, 125, 126, 127, 128, 133, 135, 137, 138, 142, 143, 144, 145, 147, 148], "summary": {"covered_lines": 29, "num_statements": 34, "percent_covered": 85.29411764705883, "percent_covered_display": "85", "missing_lines": 5, "excluded_lines": 0}, "missing_lines": [130, 131, 134, 139, 140], "excluded_lines": []}, "main": {"executed_lines": [], "summary": {"covered_lines": 0, "num_statements": 3, "percent_covered": 0.0, "percent_covered_display": "0", "missing_lines": 3, "excluded_lines": 0}, "missing_lines": [153, 154, 155], "excluded_lines": []}, "": {"executed_lines": [1, 6, 8, 10, 13, 14, 15, 17, 18, 20, 21, 22, 24, 30, 37, 52, 71, 78, 99, 151], "summary": {"covered_lines": 19, "num_statements": 19, "percent_covered": 100.0, "percent_covered_display": "100", "missing_lines": 0, "excluded_lines": 0}, "missing_lines": [], "excluded_lines": []}}, "classes": {"": {"executed_lines": [1, 6, 8, 10, 13, 14, 15, 17, 18, 20, 21, 22, 24, 30, 37, 39, 43, 46, 47, 49, 52, 54, 56, 58, 59, 61, 62, 68, 71, 73, 74, 78, 83, 84, 86, 87, 89, 91, 93, 94, 96, 99, 101, 102, 104, 111, 112, 113, 114, 115, 116, 118, 119, 120, 121, 123, 124, 125, 126, 127, 128, 133, 135, 137, 138, 142, 143, 144, 145, 147, 148, 151], "summary": {"covered_lines": 71, "num_statements": 81, "percent_covered": 87.65432098765432, "percent_covered_display": "88", "missing_lines": 10, "excluded_lines": 0}, "missing_lines": [40, 75, 130, 131, 134, 139, 140, 153, 154, 155], "excluded_lines": []}}}, "space/os/__init__.py": {"executed_lines": [1, 2, 3, 4, 5, 6, 8], "summary": {"covered_lines": 7, "num_statements": 7, "percent_covered": 100.0, "percent_covered_display": "100", "missing_lines": 0, "excluded_lines": 0}, "missing_lines": [], "excluded_lines": [], "functions": {"": {"executed_lines": [1, 2, 3, 4, 5, 6, 8], "summary": {"covered_lines": 7, "num_statements": 7, "percent_covered": 100.0, "percent_covered_display": "100", "missing_lines": 0, "excluded_lines": 0}, "missing_lines": [], "excluded_lines": []}}, "classes": {"": {"executed_lines": [1, 2, 3, 4, 5, 6, 8], "summary": {"covered_lines": 7, "num_statements": 7, "percent_covered": 100.0, "percent_covered_display": "100", "missing_lines": 0, "excluded_lines": 0}, "missing_lines": [], "excluded_lines": []}}}, "space/os/chats.py": {"executed_lines": [1, 2, 4, 6, 7, 8, 11, 13, 34, 35, 38, 70, 83, 93, 114, 135, 142, 162, 185, 188, 189, 205, 206, 225, 226, 245, 246, 279, 280], "summary": {"covered_lines": 29, "num_statements": 148, "percent_covered": 19.594594594594593, "percent_covered_display": "20", "missing_lines": 119, "excluded_lines": 0}, "missing_lines": [39, 40, 41, 42, 43, 46, 47, 64, 65, 66, 67, 71, 85, 86, 94, 95, 97, 102, 104, 105, 106, 108, 109, 111, 115, 116, 118, 123, 125, 126, 127, 129, 130, 132, 136, 137, 138, 139, 143, 144, 145, 147, 148, 149, 159, 165, 166, 168, 169, 171, 172, 173, 175, 176, 177, 179, 180, 182, 193, 195, 196, 197, 198, 199, 200, 201, 202, 212, 214, 215, 216, 218, 219, 220, 221, 222, 231, 233, 234, 235, 237, 238, 239, 240, 241, 242, 251, 253, 254, 255, 257, 258, 259, 260, 261, 262, 263, 265, 266, 268, 269, 270, 271, 272, 273, 274, 276, 286, 288, 289, 290, 292, 293, 294, 295, 296, 297, 298, 299], "excluded_lines": [], "functions": {"schema": {"executed_lines": [13], "summary": {"covered_lines": 1, "num_statements": 1, "percent_covered": 100.0, "percent_covered_display": "100", "missing_lines": 0, "excluded_lines": 0}, "missing_lines": [], "excluded_lines": []}, "_insert_msgs": {"executed_lines": [], "summary": {"covered_lines": 0, "num_statements": 11, "percent_covered": 0.0, "percent_covered_display": "0", "missing_lines": 11, "excluded_lines": 0}, "missing_lines": [39, 40, 41, 42, 43, 46, 47, 64, 65, 66, 67], "excluded_lines": []}, "_to_chat_message": {"executed_lines": [], "summary": {"covered_lines": 0, "num_statements": 1, "percent_covered": 0.0, "percent_covered_display": "0", "missing_lines": 1, "excluded_lines": 0}, "missing_lines": [71], "excluded_lines": []}, "sync": {"executed_lines": [], "summary": {"covered_lines": 0, "num_statements": 2, "percent_covered": 0.0, "percent_covered_display": "0", "missing_lines": 2, "excluded_lines": 0}, "missing_lines": [85, 86], "excluded_lines": []}, "search": {"executed_lines": [], "summary": {"covered_lines": 0, "num_statements": 10, "percent_covered": 0.0, "percent_covered_display": "0", "missing_lines": 10, "excluded_lines": 0}, "missing_lines": [94, 95, 97, 102, 104, 105, 106, 108, 109, 111], "excluded_lines": []}, "list_entries": {"executed_lines": [], "summary": {"covered_lines": 0, "num_statements": 10, "percent_covered": 0.0, "percent_covered_display": "0", "missing_lines": 10, "excluded_lines": 0}, "missing_lines": [115, 116, 118, 123, 125, 126, 127, 129, 130, 132], "excluded_lines": []}, "get_entry": {"executed_lines": [], "summary": {"covered_lines": 0, "num_statements": 4, "percent_covered": 0.0, "percent_covered_display": "0", "missing_lines": 4, "excluded_lines": 0}, "missing_lines": [136, 137, 138, 139], "excluded_lines": []}, "get_surrounding_context": {"executed_lines": [], "summary": {"covered_lines": 0, "num_statements": 7, "percent_covered": 0.0, "percent_covered_display": "0", "missing_lines": 7, "excluded_lines": 0}, "missing_lines": [143, 144, 145, 147, 148, 149, 159], "excluded_lines": []}, "sample": {"executed_lines": [], "summary": {"covered_lines": 0, "num_statements": 13, "percent_covered": 0.0, "percent_covered_display": "0", "missing_lines": 13, "excluded_lines": 0}, "missing_lines": [165, 166, 168, 169, 171, 172, 173, 175, 176, 177, 179, 180, 182], "excluded_lines": []}, "sync_cmd": {"executed_lines": [], "summary": {"covered_lines": 0, "num_statements": 9, "percent_covered": 0.0, "percent_covered_display": "0", "missing_lines": 9, "excluded_lines": 0}, "missing_lines": [193, 195, 196, 197, 198, 199, 200, 201, 202], "excluded_lines": []}, "search_cmd": {"executed_lines": [], "summary": {"covered_lines": 0, "num_statements": 9, "percent_covered": 0.0, "percent_covered_display": "0", "missing_lines": 9, "excluded_lines": 0}, "missing_lines": [212, 214, 215, 216, 218, 219, 220, 221, 222], "excluded_lines": []}, "list_cmd": {"executed_lines": [], "summary": {"covered_lines": 0, "num_statements": 10, "percent_covered": 0.0, "percent_covered_display": "0", "missing_lines": 10, "excluded_lines": 0}, "missing_lines": [231, 233, 234, 235, 237, 238, 239, 240, 241, 242], "excluded_lines": []}, "view": {"executed_lines": [], "summary": {"covered_lines": 0, "num_statements": 21, "percent_covered": 0.0, "percent_covered_display": "0", "missing_lines": 21, "excluded_lines": 0}, "missing_lines": [251, 253, 254, 255, 257, 258, 259, 260, 261, 262, 263, 265, 266, 268, 269, 270, 271, 272, 273, 274, 276], "excluded_lines": []}, "sample_cmd": {"executed_lines": [], "summary": {"covered_lines": 0, "num_statements": 12, "percent_covered": 0.0, "percent_covered_display": "0", "missing_lines": 12, "excluded_lines": 0}, "missing_lines": [286, 288, 289, 290, 292, 293, 294, 295, 296, 297, 298, 299], "excluded_lines": []}, "": {"executed_lines": [1, 2, 4, 6, 7, 8, 11, 34, 35, 38, 70, 83, 93, 114, 135, 142, 162, 185, 188, 189, 205, 206, 225, 226, 245, 246, 279, 280], "summary": {"covered_lines": 28, "num_statements": 28, "percent_covered": 100.0, "percent_covered_display": "100", "missing_lines": 0, "excluded_lines": 0}, "missing_lines": [], "excluded_lines": []}}, "classes": {"": {"executed_lines": [1, 2, 4, 6, 7, 8, 11, 13, 34, 35, 38, 70, 83, 93, 114, 135, 142, 162, 185, 188, 189, 205, 206, 225, 226, 245, 246, 279, 280], "summary": {"covered_lines": 29, "num_statements": 148, "percent_covered": 19.594594594594593, "percent_covered_display": "20", "missing_lines": 119, "excluded_lines": 0}, "missing_lines": [39, 40, 41, 42, 43, 46, 47, 64, 65, 66, 67, 71, 85, 86, 94, 95, 97, 102, 104, 105, 106, 108, 109, 111, 115, 116, 118, 123, 125, 126, 127, 129, 130, 132, 136, 137, 138, 139, 143, 144, 145, 147, 148, 149, 159, 165, 166, 168, 169, 171, 172, 173, 175, 176, 177, 179, 180, 182, 193, 195, 196, 197, 198, 199, 200, 201, 202, 212, 214, 215, 216, 218, 219, 220, 221, 222, 231, 233, 234, 235, 237, 238, 239, 240, 241, 242, 251, 253, 254, 255, 257, 258, 259, 260, 261, 262, 263, 265, 266, 268, 269, 270, 271, 272, 273, 274, 276, 286, 288, 289, 290, 292, 293, 294, 295, 296, 297, 298, 299], "excluded_lines": []}}}, "space/os/config.py": {"executed_lines": [1, 2, 3, 5, 8, 9, 11, 14, 16, 18, 21, 26, 28, 30, 33, 34, 37, 38, 40, 41, 42, 43, 44, 47, 49, 50, 51, 53, 55, 56, 59], "summary": {"covered_lines": 31, "num_statements": 33, "percent_covered": 93.93939393939394, "percent_covered_display": "94", "missing_lines": 2, "excluded_lines": 0}, "missing_lines": [23, 57], "excluded_lines": [], "functions": {"get_default_config_path": {"executed_lines": [9, 11], "summary": {"covered_lines": 2, "num_statements": 2, "percent_covered": 100.0, "percent_covered_display": "100", "missing_lines": 0, "excluded_lines": 0}, "missing_lines": [], "excluded_lines": []}, "config_file": {"executed_lines": [16, 18], "summary": {"covered_lines": 2, "num_statements": 2, "percent_covered": 100.0, "percent_covered_display": "100", "missing_lines": 0, "excluded_lines": 0}, "missing_lines": [], "excluded_lines": []}, "spawn_dir": {"executed_lines": [], "summary": {"covered_lines": 0, "num_statements": 1, "percent_covered": 0.0, "percent_covered_display": "0", "missing_lines": 1, "excluded_lines": 0}, "missing_lines": [23], "excluded_lines": []}, "registry_db": {"executed_lines": [28, 30], "summary": {"covered_lines": 2, "num_statements": 2, "percent_covered": 100.0, "percent_covered_display": "100", "missing_lines": 0, "excluded_lines": 0}, "missing_lines": [], "excluded_lines": []}, "clear_cache": {"executed_lines": [34], "summary": {"covered_lines": 1, "num_statements": 1, "percent_covered": 100.0, "percent_covered_display": "100", "missing_lines": 0, "excluded_lines": 0}, "missing_lines": [], "excluded_lines": []}, "load_config": {"executed_lines": [40, 41, 42, 43, 44], "summary": {"covered_lines": 5, "num_statements": 5, "percent_covered": 100.0, "percent_covered_display": "100", "missing_lines": 0, "excluded_lines": 0}, "missing_lines": [], "excluded_lines": []}, "init_config": {"executed_lines": [49, 50, 51, 53, 55, 56, 59], "summary": {"covered_lines": 7, "num_statements": 8, "percent_covered": 87.5, "percent_covered_display": "88", "missing_lines": 1, "excluded_lines": 0}, "missing_lines": [57], "excluded_lines": []}, "": {"executed_lines": [1, 2, 3, 5, 8, 14, 21, 26, 33, 37, 38, 47], "summary": {"covered_lines": 12, "num_statements": 12, "percent_covered": 100.0, "percent_covered_display": "100", "missing_lines": 0, "excluded_lines": 0}, "missing_lines": [], "excluded_lines": []}}, "classes": {"": {"executed_lines": [1, 2, 3, 5, 8, 9, 11, 14, 16, 18, 21, 26, 28, 30, 33, 34, 37, 38, 40, 41, 42, 43, 44, 47, 49, 50, 51, 53, 55, 56, 59], "summary": {"covered_lines": 31, "num_statements": 33, "percent_covered": 93.93939393939394, "percent_covered_display": "94", "missing_lines": 2, "excluded_lines": 0}, "missing_lines": [23, 57], "excluded_lines": []}}}, "space/os/core/__init__.py": {"executed_lines": [1, 3], "summary": {"covered_lines": 2, "num_statements": 2, "percent_covered": 100.0, "percent_covered_display": "100", "missing_lines": 0, "excluded_lines": 0}, "missing_lines": [], "excluded_lines": [], "functions": {"": {"executed_lines": [1, 3], "summary": {"covered_lines": 2, "num_statements": 2, "percent_covered": 100.0, "percent_covered_display": "100", "missing_lines": 0, "excluded_lines": 0}, "missing_lines": [], "excluded_lines": []}}, "classes": {"": {"executed_lines": [1, 3], "summary": {"covered_lines": 2, "num_statements": 2, "percent_covered": 100.0, "percent_covered_display": "100", "missing_lines": 0, "excluded_lines": 0}, "missing_lines": [], "excluded_lines": []}}}, "space/os/core/bridge/__init__.py": {"executed_lines": [1, 2, 3, 5], "summary": {"covered_lines": 4, "num_statements": 4, "percent_covered": 100.0, "percent_covered_display": "100", "missing_lines": 0, "excluded_lines": 0}, "missing_lines": [], "excluded_lines": [], "functions": {"": {"executed_lines": [1, 2, 3, 5], "summary": {"covered_lines": 4, "num_statements": 4, "percent_covered": 100.0, "percent_covered_display": "100", "missing_lines": 0, "excluded_lines": 0}, "missing_lines": [], "excluded_lines": []}}, "classes": {"": {"executed_lines": [1, 2, 3, 5], "summary": {"covered_lines": 4, "num_statements": 4, "percent_covered": 100.0, "percent_covered_display": "100", "missing_lines": 0, "excluded_lines": 0}, "missing_lines": [], "excluded_lines": []}}}, "space/os/core/bridge/api/__init__.py": {"executed_lines": [1, 8, 9, 21, 27, 29], "summary": {"covered_lines": 5, "num_statements": 5, "percent_covered": 100.0, "percent_covered_display": "100", "missing_lines": 0, "excluded_lines": 0}, "missing_lines": [], "excluded_lines": [], "functions": {"": {"executed_lines": [1, 8, 9, 21, 27, 29], "summary": {"covered_lines": 5, "num_statements": 5, "percent_covered": 100.0, "percent_covered_display": "100", "missing_lines": 0, "excluded_lines": 0}, "missing_lines": [], "excluded_lines": []}}, "classes": {"": {"executed_lines": [1, 8, 9, 21, 27, 29], "summary": {"covered_lines": 5, "num_statements": 5, "percent_covered": 100.0, "percent_covered_display": "100", "missing_lines": 0, "excluded_lines": 0}, "missing_lines": [], "excluded_lines": []}}}, "space/os/core/bridge/api/alerts.py": {"executed_lines": [1, 3, 5, 8, 10], "summary": {"covered_lines": 4, "num_statements": 4, "percent_covered": 100.0, "percent_covered_display": "100", "missing_lines": 0, "excluded_lines": 0}, "missing_lines": [], "excluded_lines": [], "functions": {"get_alerts": {"executed_lines": [10], "summary": {"covered_lines": 1, "num_statements": 1, "percent_covered": 100.0, "percent_covered_display": "100", "missing_lines": 0, "excluded_lines": 0}, "missing_lines": [], "excluded_lines": []}, "": {"executed_lines": [1, 3, 5, 8], "summary": {"covered_lines": 3, "num_statements": 3, "percent_covered": 100.0, "percent_covered_display": "100", "missing_lines": 0, "excluded_lines": 0}, "missing_lines": [], "excluded_lines": []}}, "classes": {"": {"executed_lines": [1, 3, 5, 8, 10], "summary": {"covered_lines": 4, "num_statements": 4, "percent_covered": 100.0, "percent_covered_display": "100", "missing_lines": 0, "excluded_lines": 0}, "missing_lines": [], "excluded_lines": []}}}, "space/os/core/bridge/api/channels.py": {"executed_lines": [1, 3, 4, 10, 12, 13, 14, 17, 19, 22, 24, 25, 26, 29, 30, 31, 34, 40, 46, 52, 58, 63, 65, 68, 71, 72, 73, 74, 77, 79], "summary": {"covered_lines": 30, "num_statements": 39, "percent_covered": 76.92307692307692, "percent_covered_display": "77", "missing_lines": 9, "excluded_lines": 0}, "missing_lines": [36, 37, 42, 43, 48, 49, 54, 55, 60], "excluded_lines": [], "functions": {"active_channels": {"executed_lines": [12, 13, 14], "summary": {"covered_lines": 3, "num_statements": 3, "percent_covered": 100.0, "percent_covered_display": "100", "missing_lines": 0, "excluded_lines": 0}, "missing_lines": [], "excluded_lines": []}, "all_channels": {"executed_lines": [19], "summary": {"covered_lines": 1, "num_statements": 1, "percent_covered": 100.0, "percent_covered_display": "100", "missing_lines": 0, "excluded_lines": 0}, "missing_lines": [], "excluded_lines": []}, "inbox_channels": {"executed_lines": [24, 25, 26], "summary": {"covered_lines": 3, "num_statements": 3, "percent_covered": 100.0, "percent_covered_display": "100", "missing_lines": 0, "excluded_lines": 0}, "missing_lines": [], "excluded_lines": []}, "export_channel": {"executed_lines": [30, 31], "summary": {"covered_lines": 2, "num_statements": 2, "percent_covered": 100.0, "percent_covered_display": "100", "missing_lines": 0, "excluded_lines": 0}, "missing_lines": [], "excluded_lines": []}, "pin_channel": {"executed_lines": [], "summary": {"covered_lines": 0, "num_statements": 2, "percent_covered": 0.0, "percent_covered_display": "0", "missing_lines": 2, "excluded_lines": 0}, "missing_lines": [36, 37], "excluded_lines": []}, "unpin_channel": {"executed_lines": [], "summary": {"covered_lines": 0, "num_statements": 2, "percent_covered": 0.0, "percent_covered_display": "0", "missing_lines": 2, "excluded_lines": 0}, "missing_lines": [42, 43], "excluded_lines": []}, "archive_channel": {"executed_lines": [], "summary": {"covered_lines": 0, "num_statements": 2, "percent_covered": 0.0, "percent_covered_display": "0", "missing_lines": 2, "excluded_lines": 0}, "missing_lines": [48, 49], "excluded_lines": []}, "delete_channel": {"executed_lines": [], "summary": {"covered_lines": 0, "num_statements": 2, "percent_covered": 0.0, "percent_covered_display": "0", "missing_lines": 2, "excluded_lines": 0}, "missing_lines": [54, 55], "excluded_lines": []}, "rename_channel": {"executed_lines": [], "summary": {"covered_lines": 0, "num_statements": 1, "percent_covered": 0.0, "percent_covered_display": "0", "missing_lines": 1, "excluded_lines": 0}, "missing_lines": [60], "excluded_lines": []}, "get_channel_topic": {"executed_lines": [65], "summary": {"covered_lines": 1, "num_statements": 1, "percent_covered": 100.0, "percent_covered_display": "100", "missing_lines": 0, "excluded_lines": 0}, "missing_lines": [], "excluded_lines": []}, "resolve_channel_id": {"executed_lines": [71, 72, 73, 74], "summary": {"covered_lines": 4, "num_statements": 4, "percent_covered": 100.0, "percent_covered_display": "100", "missing_lines": 0, "excluded_lines": 0}, "missing_lines": [], "excluded_lines": []}, "create_channel": {"executed_lines": [79], "summary": {"covered_lines": 1, "num_statements": 1, "percent_covered": 100.0, "percent_covered_display": "100", "missing_lines": 0, "excluded_lines": 0}, "missing_lines": [], "excluded_lines": []}, "": {"executed_lines": [1, 3, 4, 10, 17, 22, 29, 34, 40, 46, 52, 58, 63, 68, 77], "summary": {"covered_lines": 15, "num_statements": 15, "percent_covered": 100.0, "percent_covered_display": "100", "missing_lines": 0, "excluded_lines": 0}, "missing_lines": [], "excluded_lines": []}}, "classes": {"": {"executed_lines": [1, 3, 4, 10, 12, 13, 14, 17, 19, 22, 24, 25, 26, 29, 30, 31, 34, 40, 46, 52, 58, 63, 65, 68, 71, 72, 73, 74, 77, 79], "summary": {"covered_lines": 30, "num_statements": 39, "percent_covered": 76.92307692307692, "percent_covered_display": "77", "missing_lines": 9, "excluded_lines": 0}, "missing_lines": [36, 37, 42, 43, 48, 49, 54, 55, 60], "excluded_lines": []}}}, "space/os/core/bridge/api/messages.py": {"executed_lines": [1, 3, 4, 5, 7, 8, 10, 12, 15, 17, 18, 26, 27, 28, 29, 30, 36, 42, 45, 47, 49, 51, 52, 54, 56, 57, 59, 60, 61, 64, 66, 69, 71, 72], "summary": {"covered_lines": 33, "num_statements": 33, "percent_covered": 100.0, "percent_covered_display": "100", "missing_lines": 0, "excluded_lines": 0}, "missing_lines": [], "excluded_lines": [], "functions": {"send_message": {"executed_lines": [17, 18, 26, 27, 28, 29, 30, 36, 42], "summary": {"covered_lines": 9, "num_statements": 9, "percent_covered": 100.0, "percent_covered_display": "100", "missing_lines": 0, "excluded_lines": 0}, "missing_lines": [], "excluded_lines": []}, "recv_updates": {"executed_lines": [47, 49, 51, 52, 54, 56, 57, 59, 60, 61], "summary": {"covered_lines": 10, "num_statements": 10, "percent_covered": 100.0, "percent_covered_display": "100", "missing_lines": 0, "excluded_lines": 0}, "missing_lines": [], "excluded_lines": []}, "fetch_messages": {"executed_lines": [66], "summary": {"covered_lines": 1, "num_statements": 1, "percent_covered": 100.0, "percent_covered_display": "100", "missing_lines": 0, "excluded_lines": 0}, "missing_lines": [], "excluded_lines": []}, "fetch_agent_history": {"executed_lines": [71, 72], "summary": {"covered_lines": 2, "num_statements": 2, "percent_covered": 100.0, "percent_covered_display": "100", "missing_lines": 0, "excluded_lines": 0}, "missing_lines": [], "excluded_lines": []}, "": {"executed_lines": [1, 3, 4, 5, 7, 8, 10, 12, 15, 45, 64, 69], "summary": {"covered_lines": 11, "num_statements": 11, "percent_covered": 100.0, "percent_covered_display": "100", "missing_lines": 0, "excluded_lines": 0}, "missing_lines": [], "excluded_lines": []}}, "classes": {"": {"executed_lines": [1, 3, 4, 5, 7, 8, 10, 12, 15, 17, 18, 26, 27, 28, 29, 30, 36, 42, 45, 47, 49, 51, 52, 54, 56, 57, 59, 60, 61, 64, 66, 69, 71, 72], "summary": {"covered_lines": 33, "num_statements": 33, "percent_covered": 100.0, "percent_covered_display": "100", "missing_lines": 0, "excluded_lines": 0}, "missing_lines": [], "excluded_lines": []}}}, "space/os/core/bridge/api/notes.py": {"executed_lines": [1, 3, 5, 8, 10, 11, 14], "summary": {"covered_lines": 6, "num_statements": 7, "percent_covered": 85.71428571428571, "percent_covered_display": "86", "missing_lines": 1, "excluded_lines": 0}, "missing_lines": [16], "excluded_lines": [], "functions": {"add_note": {"executed_lines": [10, 11], "summary": {"covered_lines": 2, "num_statements": 2, "percent_covered": 100.0, "percent_covered_display": "100", "missing_lines": 0, "excluded_lines": 0}, "missing_lines": [], "excluded_lines": []}, "get_notes": {"executed_lines": [], "summary": {"covered_lines": 0, "num_statements": 1, "percent_covered": 0.0, "percent_covered_display": "0", "missing_lines": 1, "excluded_lines": 0}, "missing_lines": [16], "excluded_lines": []}, "": {"executed_lines": [1, 3, 5, 8, 14], "summary": {"covered_lines": 4, "num_statements": 4, "percent_covered": 100.0, "percent_covered_display": "100", "missing_lines": 0, "excluded_lines": 0}, "missing_lines": [], "excluded_lines": []}}, "classes": {"": {"executed_lines": [1, 3, 5, 8, 10, 11, 14], "summary": {"covered_lines": 6, "num_statements": 7, "percent_covered": 85.71428571428571, "percent_covered_display": "86", "missing_lines": 1, "excluded_lines": 0}, "missing_lines": [16], "excluded_lines": []}}}, "space/os/core/bridge/channels.py": {"executed_lines": [1, 2, 4, 6, 8, 10, 13, 14, 23, 24, 31, 32, 38, 39, 41, 42, 48, 49, 51, 52, 53, 95, 96, 142, 143, 193, 194, 252, 253, 291, 292, 334, 335], "summary": {"covered_lines": 33, "num_statements": 199, "percent_covered": 16.582914572864322, "percent_covered_display": "17", "missing_lines": 166, "excluded_lines": 0}, "missing_lines": [25, 50, 55, 56, 67, 68, 70, 71, 73, 74, 75, 77, 78, 79, 81, 82, 83, 84, 85, 86, 88, 89, 90, 91, 92, 103, 104, 106, 107, 108, 109, 112, 113, 114, 120, 121, 126, 127, 128, 129, 130, 136, 137, 138, 139, 150, 151, 153, 154, 155, 156, 157, 163, 164, 165, 166, 172, 173, 182, 183, 184, 185, 186, 187, 189, 190, 201, 202, 204, 205, 206, 207, 208, 209, 210, 211, 212, 214, 215, 216, 217, 218, 221, 222, 223, 226, 227, 228, 229, 230, 231, 232, 238, 239, 246, 247, 248, 249, 259, 260, 262, 263, 264, 265, 266, 267, 268, 269, 270, 271, 272, 273, 274, 275, 276, 277, 283, 284, 285, 286, 287, 288, 298, 299, 301, 302, 303, 304, 305, 306, 309, 310, 311, 314, 315, 316, 317, 318, 319, 320, 326, 327, 328, 329, 330, 331, 341, 342, 344, 345, 346, 347, 348, 349, 350, 351, 352, 353, 354, 355, 356, 357, 363, 364, 367, 368], "excluded_lines": [], "functions": {"channels_root": {"executed_lines": [23, 24], "summary": {"covered_lines": 2, "num_statements": 3, "percent_covered": 66.66666666666667, "percent_covered_display": "67", "missing_lines": 1, "excluded_lines": 0}, "missing_lines": [25], "excluded_lines": []}, "list_channels": {"executed_lines": [38, 39, 41, 42, 48, 49, 51, 52, 53], "summary": {"covered_lines": 9, "num_statements": 33, "percent_covered": 27.272727272727273, "percent_covered_display": "27", "missing_lines": 24, "excluded_lines": 0}, "missing_lines": [50, 55, 56, 67, 68, 70, 71, 73, 74, 75, 77, 78, 79, 81, 82, 83, 84, 85, 86, 88, 89, 90, 91, 92], "excluded_lines": []}, "create": {"executed_lines": [], "summary": {"covered_lines": 0, "num_statements": 20, "percent_covered": 0.0, "percent_covered_display": "0", "missing_lines": 20, "excluded_lines": 0}, "missing_lines": [103, 104, 106, 107, 108, 109, 112, 113, 114, 120, 121, 126, 127, 128, 129, 130, 136, 137, 138, 139], "excluded_lines": []}, "rename": {"executed_lines": [], "summary": {"covered_lines": 0, "num_statements": 21, "percent_covered": 0.0, "percent_covered_display": "0", "missing_lines": 21, "excluded_lines": 0}, "missing_lines": [150, 151, 153, 154, 155, 156, 157, 163, 164, 165, 166, 172, 173, 182, 183, 184, 185, 186, 187, 189, 190], "excluded_lines": []}, "archive": {"executed_lines": [], "summary": {"covered_lines": 0, "num_statements": 32, "percent_covered": 0.0, "percent_covered_display": "0", "missing_lines": 32, "excluded_lines": 0}, "missing_lines": [201, 202, 204, 205, 206, 207, 208, 209, 210, 211, 212, 214, 215, 216, 217, 218, 221, 222, 223, 226, 227, 228, 229, 230, 231, 232, 238, 239, 246, 247, 248, 249], "excluded_lines": []}, "pin": {"executed_lines": [], "summary": {"covered_lines": 0, "num_statements": 24, "percent_covered": 0.0, "percent_covered_display": "0", "missing_lines": 24, "excluded_lines": 0}, "missing_lines": [259, 260, 262, 263, 264, 265, 266, 267, 268, 269, 270, 271, 272, 273, 274, 275, 276, 277, 283, 284, 285, 286, 287, 288], "excluded_lines": []}, "unpin": {"executed_lines": [], "summary": {"covered_lines": 0, "num_statements": 24, "percent_covered": 0.0, "percent_covered_display": "0", "missing_lines": 24, "excluded_lines": 0}, "missing_lines": [298, 299, 301, 302, 303, 304, 305, 306, 309, 310, 311, 314, 315, 316, 317, 318, 319, 320, 326, 327, 328, 329, 330, 331], "excluded_lines": []}, "delete": {"executed_lines": [], "summary": {"covered_lines": 0, "num_statements": 20, "percent_covered": 0.0, "percent_covered_display": "0", "missing_lines": 20, "excluded_lines": 0}, "missing_lines": [341, 342, 344, 345, 346, 347, 348, 349, 350, 351, 352, 353, 354, 355, 356, 357, 363, 364, 367, 368], "excluded_lines": []}, "": {"executed_lines": [1, 2, 4, 6, 8, 10, 13, 14, 31, 32, 95, 96, 142, 143, 193, 194, 252, 253, 291, 292, 334, 335], "summary": {"covered_lines": 22, "num_statements": 22, "percent_covered": 100.0, "percent_covered_display": "100", "missing_lines": 0, "excluded_lines": 0}, "missing_lines": [], "excluded_lines": []}}, "classes": {"": {"executed_lines": [1, 2, 4, 6, 8, 10, 13, 14, 23, 24, 31, 32, 38, 39, 41, 42, 48, 49, 51, 52, 53, 95, 96, 142, 143, 193, 194, 252, 253, 291, 292, 334, 335], "summary": {"covered_lines": 33, "num_statements": 199, "percent_covered": 16.582914572864322, "percent_covered_display": "17", "missing_lines": 166, "excluded_lines": 0}, "missing_lines": [25, 50, 55, 56, 67, 68, 70, 71, 73, 74, 75, 77, 78, 79, 81, 82, 83, 84, 85, 86, 88, 89, 90, 91, 92, 103, 104, 106, 107, 108, 109, 112, 113, 114, 120, 121, 126, 127, 128, 129, 130, 136, 137, 138, 139, 150, 151, 153, 154, 155, 156, 157, 163, 164, 165, 166, 172, 173, 182, 183, 184, 185, 186, 187, 189, 190, 201, 202, 204, 205, 206, 207, 208, 209, 210, 211, 212, 214, 215, 216, 217, 218, 221, 222, 223, 226, 227, 228, 229, 230, 231, 232, 238, 239, 246, 247, 248, 249, 259, 260, 262, 263, 264, 265, 266, 267, 268, 269, 270, 271, 272, 273, 274, 275, 276, 277, 283, 284, 285, 286, 287, 288, 298, 299, 301, 302, 303, 304, 305, 306, 309, 310, 311, 314, 315, 316, 317, 318, 319, 320, 326, 327, 328, 329, 330, 331, 341, 342, 344, 345, 346, 347, 348, 349, 350, 351, 352, 353, 354, 355, 356, 357, 363, 364, 367, 368], "excluded_lines": []}}}, "space/os/core/bridge/cli.py": {"executed_lines": [1, 3, 5, 6, 8, 9, 10, 11, 13, 15, 18, 19, 29, 30, 33, 34, 35, 37, 38, 46, 49, 50, 51, 52, 53, 54, 55, 56, 57, 58, 59, 62, 64, 65, 66, 71, 116], "summary": {"covered_lines": 36, "num_statements": 65, "percent_covered": 55.38461538461539, "percent_covered_display": "55", "missing_lines": 29, "excluded_lines": 0}, "missing_lines": [31, 39, 68, 73, 74, 75, 76, 77, 83, 84, 85, 86, 88, 89, 90, 91, 92, 93, 94, 96, 97, 107, 108, 109, 110, 111, 112, 113, 118], "excluded_lines": [], "functions": {"main_command": {"executed_lines": [29, 30, 33, 34, 35, 37, 38, 46], "summary": {"covered_lines": 8, "num_statements": 10, "percent_covered": 80.0, "percent_covered_display": "80", "missing_lines": 2, "excluded_lines": 0}, "missing_lines": [31, 39], "excluded_lines": []}, "_show_readme": {"executed_lines": [64, 65, 66], "summary": {"covered_lines": 3, "num_statements": 4, "percent_covered": 75.0, "percent_covered_display": "75", "missing_lines": 1, "excluded_lines": 0}, "missing_lines": [68], "excluded_lines": []}, "_print_active_channels": {"executed_lines": [], "summary": {"covered_lines": 0, "num_statements": 25, "percent_covered": 0.0, "percent_covered_display": "0", "missing_lines": 25, "excluded_lines": 0}, "missing_lines": [73, 74, 75, 76, 77, 83, 84, 85, 86, 88, 89, 90, 91, 92, 93, 94, 96, 97, 107, 108, 109, 110, 111, 112, 113], "excluded_lines": []}, "main": {"executed_lines": [], "summary": {"covered_lines": 0, "num_statements": 1, "percent_covered": 0.0, "percent_covered_display": "0", "missing_lines": 1, "excluded_lines": 0}, "missing_lines": [118], "excluded_lines": []}, "": {"executed_lines": [1, 3, 5, 6, 8, 9, 10, 11, 13, 15, 18, 19, 49, 50, 51, 52, 53, 54, 55, 56, 57, 58, 59, 62, 71, 116], "summary": {"covered_lines": 25, "num_statements": 25, "percent_covered": 100.0, "percent_covered_display": "100", "missing_lines": 0, "excluded_lines": 0}, "missing_lines": [], "excluded_lines": []}}, "classes": {"": {"executed_lines": [1, 3, 5, 6, 8, 9, 10, 11, 13, 15, 18, 19, 29, 30, 33, 34, 35, 37, 38, 46, 49, 50, 51, 52, 53, 54, 55, 56, 57, 58, 59, 62, 64, 65, 66, 71, 116], "summary": {"covered_lines": 36, "num_statements": 65, "percent_covered": 55.38461538461539, "percent_covered_display": "55", "missing_lines": 29, "excluded_lines": 0}, "missing_lines": [31, 39, 68, 73, 74, 75, 76, 77, 83, 84, 85, 86, 88, 89, 90, 91, 92, 93, 94, 96, 97, 107, 108, 109, 110, 111, 112, 113, 118], "excluded_lines": []}}}, "space/os/core/bridge/db.py": {"executed_lines": [1, 2, 3, 5, 6, 7, 8, 9, 10, 12, 15, 17, 61, 62, 65, 66, 69, 70, 73, 74, 75, 76, 80, 83, 84, 87, 91, 92, 93, 95, 96, 97, 101, 103, 110, 111, 112, 114, 117, 118, 119, 129, 130, 133, 134, 135, 139, 142, 143, 144, 150, 151, 152, 162, 165, 166, 167, 177, 180, 181, 182, 183, 187, 190, 191, 192, 193, 194, 195, 197, 204, 207, 208, 209, 210, 211, 214, 222, 223, 224, 225, 226, 229, 230, 231, 241, 248, 249, 277, 278, 279, 280, 281, 282, 283, 285, 286, 287, 289, 290, 291, 293, 294, 295, 296, 310, 313, 314, 315, 318, 320, 324, 326, 330, 332, 334, 346, 354, 362, 370, 377, 386, 387, 388, 389, 393, 396, 397, 398, 402], "summary": {"covered_lines": 130, "num_statements": 155, "percent_covered": 83.87096774193549, "percent_covered_display": "84", "missing_lines": 25, "excluded_lines": 0}, "missing_lines": [88, 126, 127, 198, 201, 202, 203, 215, 216, 347, 348, 355, 356, 363, 364, 371, 372, 373, 374, 378, 379, 380, 381, 382, 383], "excluded_lines": [], "functions": {"schema": {"executed_lines": [17], "summary": {"covered_lines": 1, "num_statements": 1, "percent_covered": 100.0, "percent_covered_display": "100", "missing_lines": 0, "excluded_lines": 0}, "missing_lines": [], "excluded_lines": []}, "path": {"executed_lines": [66], "summary": {"covered_lines": 1, "num_statements": 1, "percent_covered": 100.0, "percent_covered_display": "100", "missing_lines": 0, "excluded_lines": 0}, "missing_lines": [], "excluded_lines": []}, "connect": {"executed_lines": [70], "summary": {"covered_lines": 1, "num_statements": 1, "percent_covered": 100.0, "percent_covered_display": "100", "missing_lines": 0, "excluded_lines": 0}, "missing_lines": [], "excluded_lines": []}, "create_message": {"executed_lines": [74, 75, 76, 80], "summary": {"covered_lines": 4, "num_statements": 4, "percent_covered": 100.0, "percent_covered_display": "100", "missing_lines": 0, "excluded_lines": 0}, "missing_lines": [], "excluded_lines": []}, "_row_to_message": {"executed_lines": [84], "summary": {"covered_lines": 1, "num_statements": 1, "percent_covered": 100.0, "percent_covered_display": "100", "missing_lines": 0, "excluded_lines": 0}, "missing_lines": [], "excluded_lines": []}, "_row_to_note": {"executed_lines": [], "summary": {"covered_lines": 0, "num_statements": 1, "percent_covered": 0.0, "percent_covered_display": "0", "missing_lines": 1, "excluded_lines": 0}, "missing_lines": [88], "excluded_lines": []}, "get_new_messages": {"executed_lines": [92, 93, 95, 96, 97, 101, 103, 110, 111, 112, 114, 117, 118, 119, 129, 130], "summary": {"covered_lines": 16, "num_statements": 18, "percent_covered": 88.88888888888889, "percent_covered_display": "89", "missing_lines": 2, "excluded_lines": 0}, "missing_lines": [126, 127], "excluded_lines": []}, "get_all_messages": {"executed_lines": [134, 135, 139], "summary": {"covered_lines": 3, "num_statements": 3, "percent_covered": 100.0, "percent_covered_display": "100", "missing_lines": 0, "excluded_lines": 0}, "missing_lines": [], "excluded_lines": []}, "set_bookmark": {"executed_lines": [143, 144], "summary": {"covered_lines": 2, "num_statements": 2, "percent_covered": 100.0, "percent_covered_display": "100", "missing_lines": 0, "excluded_lines": 0}, "missing_lines": [], "excluded_lines": []}, "get_alerts": {"executed_lines": [151, 152, 162], "summary": {"covered_lines": 3, "num_statements": 3, "percent_covered": 100.0, "percent_covered_display": "100", "missing_lines": 0, "excluded_lines": 0}, "missing_lines": [], "excluded_lines": []}, "get_sender_history": {"executed_lines": [166, 167, 177], "summary": {"covered_lines": 3, "num_statements": 3, "percent_covered": 100.0, "percent_covered_display": "100", "missing_lines": 0, "excluded_lines": 0}, "missing_lines": [], "excluded_lines": []}, "create_channel": {"executed_lines": [181, 182, 183, 187], "summary": {"covered_lines": 4, "num_statements": 4, "percent_covered": 100.0, "percent_covered_display": "100", "missing_lines": 0, "excluded_lines": 0}, "missing_lines": [], "excluded_lines": []}, "get_channel_id": {"executed_lines": [191, 192, 193, 194, 195, 197, 204], "summary": {"covered_lines": 7, "num_statements": 11, "percent_covered": 63.63636363636363, "percent_covered_display": "64", "missing_lines": 4, "excluded_lines": 0}, "missing_lines": [198, 201, 202, 203], "excluded_lines": []}, "get_channel_name": {"executed_lines": [208, 209, 210, 211], "summary": {"covered_lines": 4, "num_statements": 4, "percent_covered": 100.0, "percent_covered_display": "100", "missing_lines": 0, "excluded_lines": 0}, "missing_lines": [], "excluded_lines": []}, "set_topic": {"executed_lines": [], "summary": {"covered_lines": 0, "num_statements": 2, "percent_covered": 0.0, "percent_covered_display": "0", "missing_lines": 2, "excluded_lines": 0}, "missing_lines": [215, 216], "excluded_lines": []}, "get_topic": {"executed_lines": [223, 224, 225, 226], "summary": {"covered_lines": 4, "num_statements": 4, "percent_covered": 100.0, "percent_covered_display": "100", "missing_lines": 0, "excluded_lines": 0}, "missing_lines": [], "excluded_lines": []}, "get_participants": {"executed_lines": [230, 231], "summary": {"covered_lines": 2, "num_statements": 2, "percent_covered": 100.0, "percent_covered_display": "100", "missing_lines": 0, "excluded_lines": 0}, "missing_lines": [], "excluded_lines": []}, "fetch_channels": {"executed_lines": [248, 249, 277, 278, 279, 280, 281, 282, 283, 285, 286, 287, 289, 290, 291, 293, 294, 295, 296, 310], "summary": {"covered_lines": 20, "num_statements": 20, "percent_covered": 100.0, "percent_covered_display": "100", "missing_lines": 0, "excluded_lines": 0}, "missing_lines": [], "excluded_lines": []}, "get_export_data": {"executed_lines": [314, 315, 318, 320, 324, 326, 330, 332, 334], "summary": {"covered_lines": 9, "num_statements": 9, "percent_covered": 100.0, "percent_covered_display": "100", "missing_lines": 0, "excluded_lines": 0}, "missing_lines": [], "excluded_lines": []}, "pin_channel": {"executed_lines": [], "summary": {"covered_lines": 0, "num_statements": 2, "percent_covered": 0.0, "percent_covered_display": "0", "missing_lines": 2, "excluded_lines": 0}, "missing_lines": [347, 348], "excluded_lines": []}, "unpin_channel": {"executed_lines": [], "summary": {"covered_lines": 0, "num_statements": 2, "percent_covered": 0.0, "percent_covered_display": "0", "missing_lines": 2, "excluded_lines": 0}, "missing_lines": [355, 356], "excluded_lines": []}, "archive_channel": {"executed_lines": [], "summary": {"covered_lines": 0, "num_statements": 2, "percent_covered": 0.0, "percent_covered_display": "0", "missing_lines": 2, "excluded_lines": 0}, "missing_lines": [363, 364], "excluded_lines": []}, "delete_channel": {"executed_lines": [], "summary": {"covered_lines": 0, "num_statements": 4, "percent_covered": 0.0, "percent_covered_display": "0", "missing_lines": 4, "excluded_lines": 0}, "missing_lines": [371, 372, 373, 374], "excluded_lines": []}, "rename_channel": {"executed_lines": [], "summary": {"covered_lines": 0, "num_statements": 6, "percent_covered": 0.0, "percent_covered_display": "0", "missing_lines": 6, "excluded_lines": 0}, "missing_lines": [378, 379, 380, 381, 382, 383], "excluded_lines": []}, "create_note": {"executed_lines": [387, 388, 389, 393], "summary": {"covered_lines": 4, "num_statements": 4, "percent_covered": 100.0, "percent_covered_display": "100", "missing_lines": 0, "excluded_lines": 0}, "missing_lines": [], "excluded_lines": []}, "get_notes": {"executed_lines": [397, 398, 402], "summary": {"covered_lines": 3, "num_statements": 3, "percent_covered": 100.0, "percent_covered_display": "100", "missing_lines": 0, "excluded_lines": 0}, "missing_lines": [], "excluded_lines": []}, "": {"executed_lines": [1, 2, 3, 5, 6, 7, 8, 9, 10, 12, 15, 61, 62, 65, 69, 73, 83, 87, 91, 133, 142, 150, 165, 180, 190, 207, 214, 222, 229, 241, 313, 346, 354, 362, 370, 377, 386, 396], "summary": {"covered_lines": 38, "num_statements": 38, "percent_covered": 100.0, "percent_covered_display": "100", "missing_lines": 0, "excluded_lines": 0}, "missing_lines": [], "excluded_lines": []}}, "classes": {"":
[...]
 36, 38, 39, 40, 41, 42, 43, 48, 54, 61], "summary": {"covered_lines": 18, "num_statements": 27, "percent_covered": 66.66666666666667, "percent_covered_display": "67", "missing_lines": 9, "excluded_lines": 0}, "missing_lines": [49, 50, 51, 52, 55, 56, 57, 58, 59], "excluded_lines": [], "functions": {"resolve_id": {"executed_lines": [33, 34, 35, 36, 38, 39, 40, 41, 42, 43, 48, 54, 61], "summary": {"covered_lines": 13, "num_statements": 22, "percent_covered": 59.09090909090909, "percent_covered_display": "59", "missing_lines": 9, "excluded_lines": 0}, "missing_lines": [49, 50, 51, 52, 55, 56, 57, 58, 59], "excluded_lines": []}, "": {"executed_lines": [1, 3, 5, 6, 18], "summary": {"covered_lines": 5, "num_statements": 5, "percent_covered": 100.0, "percent_covered_display": "100", "missing_lines": 0, "excluded_lines": 0}, "missing_lines": [], "excluded_lines": []}}, "classes": {"": {"executed_lines": [1, 3, 5, 6, 18, 33, 34, 35, 36, 38, 39, 40, 41, 42, 43, 48, 54, 61], "summary": {"covered_lines": 18, "num_statements": 27, "percent_covered": 66.66666666666667, "percent_covered_display": "67", "missing_lines": 9, "excluded_lines": 0}, "missing_lines": [49, 50, 51, 52, 55, 56, 57, 58, 59], "excluded_lines": []}}}, "space/os/lib/invocation.py": {"executed_lines": [1, 3, 5, 8, 9, 10, 12, 13, 14, 15, 16, 18, 19, 21, 24, 25, 26, 29, 30, 31, 32, 35, 36, 37, 38, 40, 47, 48, 50, 52, 54, 55, 58, 65], "summary": {"covered_lines": 32, "num_statements": 35, "percent_covered": 91.42857142857143, "percent_covered_display": "91", "missing_lines": 3, "excluded_lines": 0}, "missing_lines": [22, 56, 67], "excluded_lines": [], "functions": {"Invocation.from_args": {"executed_lines": [21, 24, 25, 26, 29, 30, 31, 32, 35, 36, 37, 38, 40, 47, 48, 50], "summary": {"covered_lines": 16, "num_statements": 17, "percent_covered": 94.11764705882354, "percent_covered_display": "94", "missing_lines": 1, "excluded_lines": 0}, "missing_lines": [22], "excluded_lines": []}, "Invocation.emit_invocation": {"executed_lines": [54, 55, 58], "summary": {"covered_lines": 3, "num_statements": 4, "percent_covered": 75.0, "percent_covered_display": "75", "missing_lines": 1, "excluded_lines": 0}, "missing_lines": [56], "excluded_lines": []}, "Invocation.emit_error": {"executed_lines": [], "summary": {"covered_lines": 0, "num_statements": 1, "percent_covered": 0.0, "percent_covered_display": "0", "missing_lines": 1, "excluded_lines": 0}, "missing_lines": [67], "excluded_lines": []}, "": {"executed_lines": [1, 3, 5, 8, 9, 10, 12, 13, 14, 15, 16, 18, 19, 52, 65], "summary": {"covered_lines": 13, "num_statements": 13, "percent_covered": 100.0, "percent_covered_display": "100", "missing_lines": 0, "excluded_lines": 0}, "missing_lines": [], "excluded_lines": []}}, "classes": {"Invocation": {"executed_lines": [21, 24, 25, 26, 29, 30, 31, 32, 35, 36, 37, 38, 40, 47, 48, 50, 54, 55, 58], "summary": {"covered_lines": 19, "num_statements": 22, "percent_covered": 86.36363636363636, "percent_covered_display": "86", "missing_lines": 3, "excluded_lines": 0}, "missing_lines": [22, 56, 67], "excluded_lines": []}, "": {"executed_lines": [1, 3, 5, 8, 9, 10, 12, 13, 14, 15, 16, 18, 19, 52, 65], "summary": {"covered_lines": 13, "num_statements": 13, "percent_covered": 100.0, "percent_covered_display": "100", "missing_lines": 0, "excluded_lines": 0}, "missing_lines": [], "excluded_lines": []}}}, "space/os/lib/output.py": {"executed_lines": [1, 3, 5, 8, 10, 11, 12, 13, 16, 21, 23, 25, 28], "summary": {"covered_lines": 13, "num_statements": 17, "percent_covered": 76.47058823529412, "percent_covered_display": "76", "missing_lines": 4, "excluded_lines": 0}, "missing_lines": [18, 24, 30, 31], "excluded_lines": [], "functions": {"set_flags": {"executed_lines": [10, 11, 12, 13], "summary": {"covered_lines": 4, "num_statements": 4, "percent_covered": 100.0, "percent_covered_display": "100", "missing_lines": 0, "excluded_lines": 0}, "missing_lines": [], "excluded_lines": []}, "out_json": {"executed_lines": [], "summary": {"covered_lines": 0, "num_statements": 1, "percent_covered": 0.0, "percent_covered_display": "0", "missing_lines": 1, "excluded_lines": 0}, "missing_lines": [18], "excluded_lines": []}, "out_text": {"executed_lines": [23, 25], "summary": {"covered_lines": 2, "num_statements": 3, "percent_covered": 66.66666666666667, "percent_covered_display": "67", "missing_lines": 1, "excluded_lines": 0}, "missing_lines": [24], "excluded_lines": []}, "emit_error": {"executed_lines": [], "summary": {"covered_lines": 0, "num_statements": 2, "percent_covered": 0.0, "percent_covered_display": "0", "missing_lines": 2, "excluded_lines": 0}, "missing_lines": [30, 31], "excluded_lines": []}, "": {"executed_lines": [1, 3, 5, 8, 16, 21, 28], "summary": {"covered_lines": 7, "num_statements": 7, "percent_covered": 100.0, "percent_covered_display": "100", "missing_lines": 0, "excluded_lines": 0}, "missing_lines": [], "excluded_lines": []}}, "classes": {"": {"executed_lines": [1, 3, 5, 8, 10, 11, 12, 13, 16, 21, 23, 25, 28], "summary": {"covered_lines": 13, "num_statements": 17, "percent_covered": 76.47058823529412, "percent_covered_display": "76", "missing_lines": 4, "excluded_lines": 0}, "missing_lines": [18, 24, 30, 31], "excluded_lines": []}}}, "space/os/lib/paths.py": {"executed_lines": [1, 3, 6, 8, 11, 13, 16, 18, 21, 23, 26, 28, 31, 33, 34, 35, 36, 37, 40, 45, 50, 59, 62, 64, 65, 66], "summary": {"covered_lines": 26, "num_statements": 30, "percent_covered": 86.66666666666667, "percent_covered_display": "87", "missing_lines": 4, "excluded_lines": 0}, "missing_lines": [42, 47, 67, 68], "excluded_lines": [], "functions": {"space_root": {"executed_lines": [8], "summary": {"covered_lines": 1, "num_statements": 1, "percent_covered": 100.0, "percent_covered_display": "100", "missing_lines": 0, "excluded_lines": 0}, "missing_lines": [], "excluded_lines": []}, "dot_space": {"executed_lines": [13], "summary": {"covered_lines": 1, "num_statements": 1, "percent_covered": 100.0, "percent_covered_display": "100", "missing_lines": 0, "excluded_lines": 0}, "missing_lines": [], "excluded_lines": []}, "space_data": {"executed_lines": [18], "summary": {"covered_lines": 1, "num_statements": 1, "percent_covered": 100.0, "percent_covered_display": "100", "missing_lines": 0, "excluded_lines": 0}, "missing_lines": [], "excluded_lines": []}, "package_root": {"executed_lines": [23], "summary": {"covered_lines": 1, "num_statements": 1, "percent_covered": 100.0, "percent_covered_display": "100", "missing_lines": 0, "excluded_lines": 0}, "missing_lines": [], "excluded_lines": []}, "constitution": {"executed_lines": [28], "summary": {"covered_lines": 1, "num_statements": 1, "percent_covered": 100.0, "percent_covered_display": "100", "missing_lines": 0, "excluded_lines": 0}, "missing_lines": [], "excluded_lines": []}, "canon_path": {"executed_lines": [33, 34, 35, 36, 37], "summary": {"covered_lines": 5, "num_statements": 5, "percent_covered": 100.0, "percent_covered_display": "100", "missing_lines": 0, "excluded_lines": 0}, "missing_lines": [], "excluded_lines": []}, "chats_db": {"executed_lines": [], "summary": {"covered_lines": 0, "num_statements": 1, "percent_covered": 0.0, "percent_covered_display": "0", "missing_lines": 1, "excluded_lines": 0}, "missing_lines": [42], "excluded_lines": []}, "backups_dir": {"executed_lines": [], "summary": {"covered_lines": 0, "num_statements": 1, "percent_covered": 0.0, "percent_covered_display": "0", "missing_lines": 1, "excluded_lines": 0}, "missing_lines": [47], "excluded_lines": []}, "backup_snapshot": {"executed_lines": [59], "summary": {"covered_lines": 1, "num_statements": 1, "percent_covered": 100.0, "percent_covered_display": "100", "missing_lines": 0, "excluded_lines": 0}, "missing_lines": [], "excluded_lines": []}, "validate_backup_path": {"executed_lines": [64, 65, 66], "summary": {"covered_lines": 3, "num_statements": 5, "percent_covered": 60.0, "percent_covered_display": "60", "missing_lines": 2, "excluded_lines": 0}, "missing_lines": [67, 68], "excluded_lines": []}, "": {"executed_lines": [1, 3, 6, 11, 16, 21, 26, 31, 40, 45, 50, 62], "summary": {"covered_lines": 12, "num_statements": 12, "percent_covered": 100.0, "percent_covered_display": "100", "missing_lines": 0, "excluded_lines": 0}, "missing_lines": [], "excluded_lines": []}}, "classes": {"": {"executed_lines": [1, 3, 6, 8, 11, 13, 16, 18, 21, 23, 26, 28, 31, 33, 34, 35, 36, 37, 40, 45, 50, 59, 62, 64, 65, 66], "summary": {"covered_lines": 26, "num_statements": 30, "percent_covered": 86.66666666666667, "percent_covered_display": "87", "missing_lines": 4, "excluded_lines": 0}, "missing_lines": [42, 47, 67, 68], "excluded_lines": []}}}, "space/os/lib/readme.py": {"executed_lines": [1, 4, 6, 8, 9, 12, 13, 14, 16, 17, 18, 22, 24, 25, 26, 27], "summary": {"covered_lines": 16, "num_statements": 19, "percent_covered": 84.21052631578948, "percent_covered_display": "84", "missing_lines": 3, "excluded_lines": 0}, "missing_lines": [10, 19, 28], "excluded_lines": [], "functions": {"load": {"executed_lines": [6, 8, 9, 12, 13, 14, 16, 17, 18], "summary": {"covered_lines": 9, "num_statements": 11, "percent_covered": 81.81818181818181, "percent_covered_display": "82", "missing_lines": 2, "excluded_lines": 0}, "missing_lines": [10, 19], "excluded_lines": []}, "root": {"executed_lines": [24, 25, 26, 27], "summary": {"covered_lines": 4, "num_statements": 5, "percent_covered": 80.0, "percent_covered_display": "80", "missing_lines": 1, "excluded_lines": 0}, "missing_lines": [28], "excluded_lines": []}, "": {"executed_lines": [1, 4, 22], "summary": {"covered_lines": 3, "num_statements": 3, "percent_covered": 100.0, "percent_covered_display": "100", "missing_lines": 0, "excluded_lines": 0}, "missing_lines": [], "excluded_lines": []}}, "classes": {"": {"executed_lines": [1, 4, 6, 8, 9, 12, 13, 14, 16, 17, 18, 22, 24, 25, 26, 27], "summary": {"covered_lines": 16, "num_statements": 19, "percent_covered": 84.21052631578948, "percent_covered_display": "84", "missing_lines": 3, "excluded_lines": 0}, "missing_lines": [10, 19, 28], "excluded_lines": []}}}, "space/os/lib/text_utils.py": {"executed_lines": [], "summary": {"covered_lines": 0, "num_statements": 1, "percent_covered": 0.0, "percent_covered_display": "0", "missing_lines": 1, "excluded_lines": 0}, "missing_lines": [3], "excluded_lines": [], "functions": {"": {"executed_lines": [], "summary": {"covered_lines": 0, "num_statements": 1, "percent_covered": 0.0, "percent_covered_display": "0", "missing_lines": 1, "excluded_lines": 0}, "missing_lines": [3], "excluded_lines": []}}, "classes": {"": {"executed_lines": [], "summary": {"covered_lines": 0, "num_statements": 1, "percent_covered": 0.0, "percent_covered_display": "0", "missing_lines": 1, "excluded_lines": 0}, "missing_lines": [3], "excluded_lines": []}}}, "space/os/lib/uuid7.py": {"executed_lines": [1, 13, 15, 16, 17, 18, 21, 22, 23, 26, 29, 31, 36, 37, 40, 41, 43, 44, 47, 48, 51, 54, 55, 56, 59, 61, 64, 76], "summary": {"covered_lines": 27, "num_statements": 29, "percent_covered": 93.10344827586206, "percent_covered_display": "93", "missing_lines": 2, "excluded_lines": 0}, "missing_lines": [32, 73], "excluded_lines": [], "functions": {"uuid7": {"executed_lines": [31, 36, 37, 40, 41, 43, 44, 47, 48, 51, 54, 55, 56, 59, 61], "summary": {"covered_lines": 15, "num_statements": 16, "percent_covered": 93.75, "percent_covered_display": "94", "missing_lines": 1, "excluded_lines": 0}, "missing_lines": [32], "excluded_lines": []}, "short_id": {"executed_lines": [], "summary": {"covered_lines": 0, "num_statements": 1, "percent_covered": 0.0, "percent_covered_display": "0", "missing_lines": 1, "excluded_lines": 0}, "missing_lines": [73], "excluded_lines": []}, "": {"executed_lines": [1, 13, 15, 16, 17, 18, 21, 22, 23, 26, 29, 64, 76], "summary": {"covered_lines": 12, "num_statements": 12, "percent_covered": 100.0, "percent_covered_display": "100", "missing_lines": 0, "excluded_lines": 0}, "missing_lines": [], "excluded_lines": []}}, "classes": {"": {"executed_lines": [1, 13, 15, 16, 17, 18, 21, 22, 23, 26, 29, 31, 36, 37, 40, 41, 43, 44, 47, 48, 51, 54, 55, 56, 59, 61, 64, 76], "summary": {"covered_lines": 27, "num_statements": 29, "percent_covered": 93.10344827586206, "percent_covered_display": "93", "missing_lines": 2, "excluded_lines": 0}, "missing_lines": [32, 73], "excluded_lines": []}}}, "space/os/models.py": {"executed_lines": [1, 3, 6, 7, 8, 10, 11, 12, 13, 14, 17, 18, 19, 21, 22, 23, 24, 25, 26, 27, 28, 29, 30, 33, 34, 35, 37, 38, 39, 42, 43, 44, 46, 47, 48, 49, 52, 53, 54, 56, 57, 58, 59, 60, 61, 62, 63, 66, 67, 68, 69, 70, 71, 72, 73, 74, 75, 76, 77, 78, 79, 80, 81, 84, 85, 86, 88, 89, 90, 91, 92, 93, 94, 95, 98, 99, 100, 102, 103, 104, 105, 106, 107, 108, 111, 112, 113, 115, 116, 117, 118, 119, 120, 121, 124, 125, 126, 128, 129, 130, 131, 132, 135, 136, 137, 139, 140, 141, 142, 143, 144, 145, 146, 147, 148, 149, 150], "summary": {"covered_lines": 106, "num_statements": 106, "percent_covered": 100.0, "percent_covered_display": "100", "missing_lines": 0, "excluded_lines": 0}, "missing_lines": [], "excluded_lines": [], "functions": {"": {"executed_lines": [1, 3, 6, 7, 8, 10, 11, 12, 13, 14, 17, 18, 19, 21, 22, 23, 24, 25, 26, 27, 28, 29, 30, 33, 34, 35, 37, 38, 39, 42, 43, 44, 46, 47, 48, 49, 52, 53, 54, 56, 57, 58, 59, 60, 61, 62, 63, 66, 67, 68, 69, 70, 71, 72, 73, 74, 75, 76, 77, 78, 79, 80, 81, 84, 85, 86, 88, 89, 90, 91, 92, 93, 94, 95, 98, 99, 100, 102, 103, 104, 105, 106, 107, 108, 111, 112, 113, 115, 116, 117, 118, 119, 120, 121, 124, 125, 126, 128, 129, 130, 131, 132, 135, 136, 137, 139, 140, 141, 142, 143, 144, 145, 146, 147, 148, 149, 150], "summary": {"covered_lines": 106, "num_statements": 106, "percent_covered": 100.0, "percent_covered_display": "100", "missing_lines": 0, "excluded_lines": 0}, "missing_lines": [], "excluded_lines": []}}, "classes": {"BridgeMessage": {"executed_lines": [], "summary": {"covered_lines": 0, "num_statements": 0, "percent_covered": 100.0, "percent_covered_display": "100", "missing_lines": 0, "excluded_lines": 0}, "missing_lines": [], "excluded_lines": []}, "Channel": {"executed_lines": [], "summary": {"covered_lines": 0, "num_statements": 0, "percent_covered": 100.0, "percent_covered_display": "100", "missing_lines": 0, "excluded_lines": 0}, "missing_lines": [], "excluded_lines": []}, "Bookmark": {"executed_lines": [], "summary": {"covered_lines": 0, "num_statements": 0, "percent_covered": 100.0, "percent_covered_display": "100", "missing_lines": 0, "excluded_lines": 0}, "missing_lines": [], "excluded_lines": []}, "Note": {"executed_lines": [], "summary": {"covered_lines": 0, "num_statements": 0, "percent_covered": 100.0, "percent_covered_display": "100", "missing_lines": 0, "excluded_lines": 0}, "missing_lines": [], "excluded_lines": []}, "Export": {"executed_lines": [], "summary": {"covered_lines": 0, "num_statements": 0, "percent_covered": 100.0, "percent_covered_display": "100", "missing_lines": 0, "excluded_lines": 0}, "missing_lines": [], "excluded_lines": []}, "Memory": {"executed_lines": [], "summary": {"covered_lines": 0, "num_statements": 0, "percent_covered": 100.0, "percent_covered_display": "100", "missing_lines": 0, "excluded_lines": 0}, "missing_lines": [], "excluded_lines": []}, "ChatMessage": {"executed_lines": [], "summary": {"covered_lines": 0, "num_statements": 0, "percent_covered": 100.0, "percent_covered_display": "100", "missing_lines": 0, "excluded_lines": 0}, "missing_lines": [], "excluded_lines": []}, "Event": {"executed_lines": [], "summary": {"covered_lines": 0, "num_statements": 0, "percent_covered": 100.0, "percent_covered_display": "100", "missing_lines": 0, "excluded_lines": 0}, "missing_lines": [], "excluded_lines": []}, "Knowledge": {"executed_lines": [], "summary": {"covered_lines": 0, "num_statements": 0, "percent_covered": 100.0, "percent_covered_display": "100", "missing_lines": 0, "excluded_lines": 0}, "missing_lines": [], "excluded_lines": []}, "Agent": {"executed_lines": [], "summary": {"covered_lines": 0, "num_statements": 0, "percent_covered": 100.0, "percent_covered_display": "100", "missing_lines": 0, "excluded_lines": 0}, "missing_lines": [], "excluded_lines": []}, "Task": {"executed_lines": [], "summary": {"covered_lines": 0, "num_statements": 0, "percent_covered": 100.0, "percent_covered_display": "100", "missing_lines": 0, "excluded_lines": 0}, "missing_lines": [], "excluded_lines": []}, "": {"executed_lines": [1, 3, 6, 7, 8, 10, 11, 12, 13, 14, 17, 18, 19, 21, 22, 23, 24, 25, 26, 27, 28, 29, 30, 33, 34, 35, 37, 38, 39, 42, 43, 44, 46, 47, 48, 49, 52, 53, 54, 56, 57, 58, 59, 60, 61, 62, 63, 66, 67, 68, 69, 70, 71, 72, 73, 74, 75, 76, 77, 78, 79, 80, 81, 84, 85, 86, 88, 89, 90, 91, 92, 93, 94, 95, 98, 99, 100, 102, 103, 104, 105, 106, 107, 108, 111, 112, 113, 115, 116, 117, 118, 119, 120, 121, 124, 125, 126, 128, 129, 130, 131, 132, 135, 136, 137, 139, 140, 141, 142, 143, 144, 145, 146, 147, 148, 149, 150], "summary": {"covered_lines": 106, "num_statements": 106, "percent_covered": 100.0, "percent_covered_display": "100", "missing_lines": 0, "excluded_lines": 0}, "missing_lines": [], "excluded_lines": []}}}, "space/os/protocols.py": {"executed_lines": [], "summary": {"covered_lines": 0, "num_statements": 10, "percent_covered": 0.0, "percent_covered_display": "0", "missing_lines": 10, "excluded_lines": 12}, "missing_lines": [3, 4, 7, 8, 15, 19, 28, 32, 36, 40], "excluded_lines": [17, 18, 26, 27, 30, 31, 34, 35, 38, 39, 42, 43], "functions": {"Storage.connect": {"executed_lines": [], "summary": {"covered_lines": 0, "num_statements": 0, "percent_covered": 100.0, "percent_covered_display": "100", "missing_lines": 0, "excluded_lines": 1}, "missing_lines": [], "excluded_lines": [17]}, "Storage.ensure_schema": {"executed_lines": [], "summary": {"covered_lines": 0, "num_statements": 0, "percent_covered": 100.0, "percent_covered_display": "100", "missing_lines": 0, "excluded_lines": 1}, "missing_lines": [], "excluded_lines": [26]}, "Storage.register": {"executed_lines": [], "summary": {"covered_lines": 0, "num_statements": 0, "percent_covered": 100.0, "percent_covered_display": "100", "missing_lines": 0, "excluded_lines": 1}, "missing_lines": [], "excluded_lines": [30]}, "Storage.migrations": {"executed_lines": [], "summary": {"covered_lines": 0, "num_statements": 0, "percent_covered": 100.0, "percent_covered_display": "100", "missing_lines": 0, "excluded_lines": 1}, "missing_lines": [], "excluded_lines": [34]}, "Storage.ensure": {"executed_lines": [], "summary": {"covered_lines": 0, "num_statements": 0, "percent_covered": 100.0, "percent_covered_display": "100", "missing_lines": 0, "excluded_lines": 1}, "missing_lines": [], "excluded_lines": [38]}, "Storage.migrate": {"executed_lines": [], "summary": {"covered_lines": 0, "num_statements": 0, "percent_covered": 100.0, "percent_covered_display": "100", "missing_lines": 0, "excluded_lines": 1}, "missing_lines": [], "excluded_lines": [42]}, "": {"executed_lines": [], "summary": {"covered_lines": 0, "num_statements": 10, "percent_covered": 0.0, "percent_covered_display": "0", "missing_lines": 10, "excluded_lines": 5}, "missing_lines": [3, 4, 7, 8, 15, 19, 28, 32, 36, 40], "excluded_lines": [18, 27, 31, 35, 39]}}, "classes": {"Storage": {"executed_lines": [], "summary": {"covered_lines": 0, "num_statements": 0, "percent_covered": 100.0, "percent_covered_display": "100", "missing_lines": 0, "excluded_lines": 6}, "missing_lines": [], "excluded_lines": [17, 26, 30, 34, 38, 42]}, "": {"executed_lines": [], "summary": {"covered_lines": 0, "num_statements": 10, "percent_covered": 0.0, "percent_covered_display": "0", "missing_lines": 10, "excluded_lines": 5}, "missing_lines": [3, 4, 7, 8, 15, 19, 28, 32, 36, 40], "excluded_lines": [18, 27, 31, 35, 39]}}}}, "totals": {"covered_lines": 2584, "num_statements": 5249, "percent_covered": 49.22842446180225, "percent_covered_display": "49", "missing_lines": 2665, "excluded_lines": 14}}